{"/home/travis/build/npmtest/node-npmtest-matcha/test.js":{"path":"/home/travis/build/npmtest/node-npmtest-matcha/test.js","s":{"1":2,"2":2,"3":2,"4":2,"5":2,"6":2,"7":2,"8":1,"9":2,"10":2,"11":1,"12":1,"13":1,"14":1,"15":2,"16":2,"17":2,"18":2,"19":1,"20":1,"21":2,"22":2,"23":2,"24":1,"25":1,"26":1,"27":1,"28":1,"29":1,"30":1,"31":1,"32":1,"33":1,"34":1,"35":1,"36":1,"37":1,"38":1,"39":2,"40":2,"41":1,"42":2,"43":2,"44":1,"45":2,"46":2,"47":1,"48":2,"49":2,"50":1,"51":1,"52":1,"53":1,"54":1},"b":{"1":[2,1,1,1],"2":[1,1,1,1],"3":[1,1],"4":[1,1],"5":[1,1],"6":[1,1],"7":[1,1],"8":[1,1],"9":[1,1],"10":[1,1,1],"11":[1,1],"12":[1,1],"13":[1,1],"14":[1,1],"15":[1,1],"16":[1,1],"17":[1,1]},"f":{"1":2,"2":2,"3":2,"4":2,"5":2,"6":1,"7":1,"8":1,"9":2,"10":2,"11":2,"12":2,"13":1},"fnMap":{"1":{"name":"(anonymous_1)","line":12,"loc":{"start":{"line":12,"column":1},"end":{"line":12,"column":13}}},"2":{"name":"(anonymous_2)","line":19,"loc":{"start":{"line":19,"column":5},"end":{"line":19,"column":17}}},"3":{"name":"(anonymous_3)","line":23,"loc":{"start":{"line":23,"column":24},"end":{"line":23,"column":36}}},"4":{"name":"(anonymous_4)","line":61,"loc":{"start":{"line":61,"column":5},"end":{"line":61,"column":17}}},"5":{"name":"(anonymous_5)","line":82,"loc":{"start":{"line":82,"column":5},"end":{"line":82,"column":17}}},"6":{"name":"(anonymous_6)","line":91,"loc":{"start":{"line":91,"column":77},"end":{"line":94,"column":10}}},"7":{"name":"(anonymous_7)","line":112,"loc":{"start":{"line":112,"column":83},"end":{"line":115,"column":10}},"skip":true},"8":{"name":"(anonymous_8)","line":123,"loc":{"start":{"line":123,"column":77},"end":{"line":126,"column":10}},"skip":true},"9":{"name":"(anonymous_9)","line":139,"loc":{"start":{"line":139,"column":12},"end":{"line":139,"column":40}},"skip":true},"10":{"name":"(anonymous_10)","line":147,"loc":{"start":{"line":147,"column":77},"end":{"line":150,"column":10}},"skip":true},"11":{"name":"(anonymous_11)","line":158,"loc":{"start":{"line":158,"column":83},"end":{"line":161,"column":10}},"skip":true},"12":{"name":"(anonymous_12)","line":169,"loc":{"start":{"line":169,"column":79},"end":{"line":172,"column":10}},"skip":true},"13":{"name":"(anonymous_13)","line":180,"loc":{"start":{"line":180,"column":75},"end":{"line":183,"column":10}},"skip":true}},"statementMap":{"1":{"start":{"line":12,"column":0},"end":{"line":195,"column":5}},"2":{"start":{"line":14,"column":4},"end":{"line":14,"column":14}},"3":{"start":{"line":19,"column":4},"end":{"line":56,"column":9}},"4":{"start":{"line":21,"column":8},"end":{"line":21,"column":19}},"5":{"start":{"line":23,"column":8},"end":{"line":35,"column":13}},"6":{"start":{"line":24,"column":12},"end":{"line":34,"column":13}},"7":{"start":{"line":25,"column":16},"end":{"line":28,"column":30}},"8":{"start":{"line":30,"column":16},"end":{"line":33,"column":27}},"9":{"start":{"line":37,"column":8},"end":{"line":39,"column":21}},"10":{"start":{"line":40,"column":8},"end":{"line":53,"column":9}},"11":{"start":{"line":43,"column":12},"end":{"line":46,"column":14}},"12":{"start":{"line":47,"column":12},"end":{"line":47,"column":18}},"13":{"start":{"line":50,"column":12},"end":{"line":51,"column":46}},"14":{"start":{"line":52,"column":12},"end":{"line":52,"column":18}},"15":{"start":{"line":55,"column":8},"end":{"line":55,"column":35}},"16":{"start":{"line":61,"column":4},"end":{"line":63,"column":9}},"17":{"start":{"line":62,"column":8},"end":{"line":62,"column":15}},"18":{"start":{"line":64,"column":4},"end":{"line":77,"column":5}},"19":{"start":{"line":70,"column":8},"end":{"line":70,"column":14}},"20":{"start":{"line":76,"column":8},"end":{"line":76,"column":14}},"21":{"start":{"line":82,"column":4},"end":{"line":84,"column":9}},"22":{"start":{"line":83,"column":8},"end":{"line":83,"column":15}},"23":{"start":{"line":85,"column":4},"end":{"line":194,"column":5}},"24":{"start":{"line":91,"column":8},"end":{"line":99,"column":10}},"25":{"start":{"line":98,"column":12},"end":{"line":98,"column":35}},"26":{"start":{"line":102,"column":8},"end":{"line":104,"column":63}},"27":{"start":{"line":105,"column":8},"end":{"line":105,"column":14}},"28":{"start":{"line":112,"column":8},"end":{"line":121,"column":10},"skip":true},"29":{"start":{"line":119,"column":12},"end":{"line":119,"column":55},"skip":true},"30":{"start":{"line":120,"column":12},"end":{"line":120,"column":48},"skip":true},"31":{"start":{"line":123,"column":8},"end":{"line":136,"column":10},"skip":true},"32":{"start":{"line":130,"column":12},"end":{"line":130,"column":76},"skip":true},"33":{"start":{"line":131,"column":12},"end":{"line":131,"column":73},"skip":true},"34":{"start":{"line":132,"column":12},"end":{"line":132,"column":74},"skip":true},"35":{"start":{"line":133,"column":12},"end":{"line":133,"column":79},"skip":true},"36":{"start":{"line":134,"column":12},"end":{"line":134,"column":25},"skip":true},"37":{"start":{"line":135,"column":12},"end":{"line":135,"column":45},"skip":true},"38":{"start":{"line":138,"column":8},"end":{"line":145,"column":14},"skip":true},"39":{"start":{"line":143,"column":16},"end":{"line":143,"column":29},"skip":true},"40":{"start":{"line":144,"column":16},"end":{"line":144,"column":55},"skip":true},"41":{"start":{"line":147,"column":8},"end":{"line":156,"column":10},"skip":true},"42":{"start":{"line":154,"column":12},"end":{"line":154,"column":25},"skip":true},"43":{"start":{"line":155,"column":12},"end":{"line":155,"column":45},"skip":true},"44":{"start":{"line":158,"column":8},"end":{"line":167,"column":10},"skip":true},"45":{"start":{"line":165,"column":12},"end":{"line":165,"column":25},"skip":true},"46":{"start":{"line":166,"column":12},"end":{"line":166,"column":48},"skip":true},"47":{"start":{"line":169,"column":8},"end":{"line":178,"column":10},"skip":true},"48":{"start":{"line":176,"column":12},"end":{"line":176,"column":25},"skip":true},"49":{"start":{"line":177,"column":12},"end":{"line":177,"column":46},"skip":true},"50":{"start":{"line":180,"column":8},"end":{"line":189,"column":10},"skip":true},"51":{"start":{"line":187,"column":12},"end":{"line":187,"column":94},"skip":true},"52":{"start":{"line":188,"column":12},"end":{"line":188,"column":48},"skip":true},"53":{"start":{"line":192,"column":8},"end":{"line":192,"column":35},"skip":true},"54":{"start":{"line":193,"column":8},"end":{"line":193,"column":14},"skip":true}},"branchMap":{"1":{"line":25,"type":"binary-expr","locations":[{"start":{"line":25,"column":23},"end":{"line":25,"column":62}},{"start":{"line":26,"column":20},"end":{"line":26,"column":70}},{"start":{"line":27,"column":20},"end":{"line":27,"column":71}},{"start":{"line":28,"column":20},"end":{"line":28,"column":29}}]},"2":{"line":30,"type":"binary-expr","locations":[{"start":{"line":30,"column":23},"end":{"line":30,"column":37}},{"start":{"line":31,"column":20},"end":{"line":31,"column":61}},{"start":{"line":32,"column":20},"end":{"line":32,"column":70}},{"start":{"line":33,"column":20},"end":{"line":33,"column":26}}]},"3":{"line":37,"type":"cond-expr","locations":[{"start":{"line":38,"column":14},"end":{"line":38,"column":20}},{"start":{"line":39,"column":14},"end":{"line":39,"column":20}}]},"4":{"line":40,"type":"switch","locations":[{"start":{"line":42,"column":8},"end":{"line":47,"column":18}},{"start":{"line":49,"column":8},"end":{"line":52,"column":18}}]},"5":{"line":44,"type":"binary-expr","locations":[{"start":{"line":44,"column":16},"end":{"line":44,"column":44}},{"start":{"line":44,"column":48},"end":{"line":44,"column":66}}]},"6":{"line":50,"type":"binary-expr","locations":[{"start":{"line":50,"column":21},"end":{"line":50,"column":49}},{"start":{"line":50,"column":53},"end":{"line":50,"column":72}}]},"7":{"line":64,"type":"switch","locations":[{"start":{"line":69,"column":4},"end":{"line":70,"column":14}},{"start":{"line":75,"column":4},"end":{"line":76,"column":14}}]},"8":{"line":85,"type":"switch","locations":[{"start":{"line":90,"column":4},"end":{"line":105,"column":14}},{"start":{"line":111,"column":4},"end":{"line":193,"column":14},"skip":true}]},"9":{"line":91,"type":"binary-expr","locations":[{"start":{"line":91,"column":42},"end":{"line":91,"column":73}},{"start":{"line":91,"column":77},"end":{"line":99,"column":9}}]},"10":{"line":102,"type":"binary-expr","locations":[{"start":{"line":102,"column":18},"end":{"line":102,"column":32}},{"start":{"line":103,"column":12},"end":{"line":103,"column":53}},{"start":{"line":104,"column":12},"end":{"line":104,"column":61}}]},"11":{"line":112,"type":"binary-expr","locations":[{"start":{"line":112,"column":45},"end":{"line":112,"column":79},"skip":true},{"start":{"line":112,"column":83},"end":{"line":121,"column":9},"skip":true}]},"12":{"line":123,"type":"binary-expr","locations":[{"start":{"line":123,"column":42},"end":{"line":123,"column":73},"skip":true},{"start":{"line":123,"column":77},"end":{"line":136,"column":9},"skip":true}]},"13":{"line":138,"type":"binary-expr","locations":[{"start":{"line":138,"column":48},"end":{"line":138,"column":85},"skip":true},{"start":{"line":139,"column":12},"end":{"line":145,"column":13},"skip":true}]},"14":{"line":147,"type":"binary-expr","locations":[{"start":{"line":147,"column":42},"end":{"line":147,"column":73},"skip":true},{"start":{"line":147,"column":77},"end":{"line":156,"column":9},"skip":true}]},"15":{"line":158,"type":"binary-expr","locations":[{"start":{"line":158,"column":45},"end":{"line":158,"column":79},"skip":true},{"start":{"line":158,"column":83},"end":{"line":167,"column":9},"skip":true}]},"16":{"line":169,"type":"binary-expr","locations":[{"start":{"line":169,"column":43},"end":{"line":169,"column":75},"skip":true},{"start":{"line":169,"column":79},"end":{"line":178,"column":9},"skip":true}]},"17":{"line":180,"type":"binary-expr","locations":[{"start":{"line":180,"column":41},"end":{"line":180,"column":71},"skip":true},{"start":{"line":180,"column":75},"end":{"line":189,"column":9},"skip":true}]}},"code":["/* istanbul instrument in package npmtest_matcha */","/*jslint","    bitwise: true,","    browser: true,","    maxerr: 8,","    maxlen: 96,","    node: true,","    nomen: true,","    regexp: true,","    stupid: true","*/","(function () {","    'use strict';","    var local;","","","","    // run shared js-env code - pre-init","    (function () {","        // init local","        local = {};","        // init modeJs","        local.modeJs = (function () {","            try {","                return typeof navigator.userAgent === 'string' &&","                    typeof document.querySelector('body') === 'object' &&","                    typeof XMLHttpRequest.prototype.open === 'function' &&","                    'browser';","            } catch (errorCaughtBrowser) {","                return module.exports &&","                    typeof process.versions.node === 'string' &&","                    typeof require('http').createServer === 'function' &&","                    'node';","            }","        }());","        // init global","        local.global = local.modeJs === 'browser'","            ? window","            : global;","        switch (local.modeJs) {","        // re-init local from window.local","        case 'browser':","            local = local.global.utility2.objectSetDefault(","                local.global.utility2_rollup || local.global.local,","                local.global.utility2","            );","            break;","        // re-init local from example.js","        case 'node':","            local = (local.global.utility2_rollup || require('utility2'))","                .requireExampleJsFromReadme();","            break;","        }","        // export local","        local.global.local = local;","    }());","","","","    // run shared js-env code - function","    (function () {","        return;","    }());","    switch (local.modeJs) {","","","","    // run browser js-env code - function","    case 'browser':","        break;","","","","    // run node js-env code - function","    case 'node':","        break;","    }","","","","    // run shared js-env code - post-init","    (function () {","        return;","    }());","    switch (local.modeJs) {","","","","    // run browser js-env code - post-init","    case 'browser':","        local.testCase_browser_nullCase = local.testCase_browser_nullCase || function (","            options,","            onError","        ) {","        /*","         * this function will test browsers's null-case handling-behavior-behavior","         */","            onError(null, options);","        };","","        // run tests","        local.nop(local.modeTest &&","            document.querySelector('#testRunButton1') &&","            document.querySelector('#testRunButton1').click());","        break;","","","","    // run node js-env code - post-init","    /* istanbul ignore next */","    case 'node':","        local.testCase_buildApidoc_default = local.testCase_buildApidoc_default || function (","            options,","            onError","        ) {","        /*","         * this function will test buildApidoc's default handling-behavior-behavior","         */","            options = { modulePathList: module.paths };","            local.buildApidoc(options, onError);","        };","","        local.testCase_buildApp_default = local.testCase_buildApp_default || function (","            options,","            onError","        ) {","        /*","         * this function will test buildApp's default handling-behavior-behavior","         */","            local.testCase_buildReadme_default(options, local.onErrorThrow);","            local.testCase_buildLib_default(options, local.onErrorThrow);","            local.testCase_buildTest_default(options, local.onErrorThrow);","            local.testCase_buildCustomOrg_default(options, local.onErrorThrow);","            options = [];","            local.buildApp(options, onError);","        };","","        local.testCase_buildCustomOrg_default = local.testCase_buildCustomOrg_default ||","            function (options, onError) {","            /*","             * this function will test buildCustomOrg's default handling-behavior","             */","                options = {};","                local.buildCustomOrg(options, onError);","            };","","        local.testCase_buildLib_default = local.testCase_buildLib_default || function (","            options,","            onError","        ) {","        /*","         * this function will test buildLib's default handling-behavior","         */","            options = {};","            local.buildLib(options, onError);","        };","","        local.testCase_buildReadme_default = local.testCase_buildReadme_default || function (","            options,","            onError","        ) {","        /*","         * this function will test buildReadme's default handling-behavior-behavior","         */","            options = {};","            local.buildReadme(options, onError);","        };","","        local.testCase_buildTest_default = local.testCase_buildTest_default || function (","            options,","            onError","        ) {","        /*","         * this function will test buildTest's default handling-behavior","         */","            options = {};","            local.buildTest(options, onError);","        };","","        local.testCase_webpage_default = local.testCase_webpage_default || function (","            options,","            onError","        ) {","        /*","         * this function will test webpage's default handling-behavior","         */","            options = { modeCoverageMerge: true, url: local.serverLocalHost + '?modeTest=1' };","            local.browserTest(options, onError);","        };","","        // run test-server","        local.testRunServer(local);","        break;","    }","}());",""],"l":{"12":2,"14":2,"19":2,"21":2,"23":2,"24":2,"25":2,"30":1,"37":2,"40":2,"43":1,"47":1,"50":1,"52":1,"55":2,"61":2,"62":2,"64":2,"70":1,"76":1,"82":2,"83":2,"85":2,"91":1,"98":1,"102":1,"105":1,"112":1,"119":1,"120":1,"123":1,"130":1,"131":1,"132":1,"133":1,"134":1,"135":1,"138":1,"143":2,"144":2,"147":1,"154":2,"155":2,"158":1,"165":2,"166":2,"169":1,"176":2,"177":2,"180":1,"187":1,"188":1,"192":1,"193":1}},"/home/travis/build/npmtest/node-npmtest-matcha/lib.npmtest_matcha.js":{"path":"/home/travis/build/npmtest/node-npmtest-matcha/lib.npmtest_matcha.js","s":{"1":2,"2":2,"3":2,"4":2,"5":2,"6":2,"7":2,"8":1,"9":2,"10":2,"11":2,"12":2,"13":1,"14":1,"15":1,"16":1},"b":{"1":[2,1,1,1],"2":[1,1,1,1],"3":[1,1],"4":[2,2],"5":[1,1]},"f":{"1":2,"2":2,"3":2},"fnMap":{"1":{"name":"(anonymous_1)","line":12,"loc":{"start":{"line":12,"column":1},"end":{"line":12,"column":13}}},"2":{"name":"(anonymous_2)","line":19,"loc":{"start":{"line":19,"column":5},"end":{"line":19,"column":17}}},"3":{"name":"(anonymous_3)","line":23,"loc":{"start":{"line":23,"column":24},"end":{"line":23,"column":36}}}},"statementMap":{"1":{"start":{"line":12,"column":0},"end":{"line":53,"column":5}},"2":{"start":{"line":14,"column":4},"end":{"line":14,"column":14}},"3":{"start":{"line":19,"column":4},"end":{"line":52,"column":9}},"4":{"start":{"line":21,"column":8},"end":{"line":21,"column":19}},"5":{"start":{"line":23,"column":8},"end":{"line":35,"column":13}},"6":{"start":{"line":24,"column":12},"end":{"line":34,"column":13}},"7":{"start":{"line":25,"column":16},"end":{"line":28,"column":30}},"8":{"start":{"line":30,"column":16},"end":{"line":33,"column":27}},"9":{"start":{"line":37,"column":8},"end":{"line":39,"column":21}},"10":{"start":{"line":41,"column":8},"end":{"line":41,"column":54}},"11":{"start":{"line":43,"column":8},"end":{"line":43,"column":51}},"12":{"start":{"line":45,"column":8},"end":{"line":51,"column":9}},"13":{"start":{"line":46,"column":12},"end":{"line":46,"column":57}},"14":{"start":{"line":48,"column":12},"end":{"line":48,"column":35}},"15":{"start":{"line":49,"column":12},"end":{"line":49,"column":49}},"16":{"start":{"line":50,"column":12},"end":{"line":50,"column":43}}},"branchMap":{"1":{"line":25,"type":"binary-expr","locations":[{"start":{"line":25,"column":23},"end":{"line":25,"column":62}},{"start":{"line":26,"column":20},"end":{"line":26,"column":70}},{"start":{"line":27,"column":20},"end":{"line":27,"column":71}},{"start":{"line":28,"column":20},"end":{"line":28,"column":29}}]},"2":{"line":30,"type":"binary-expr","locations":[{"start":{"line":30,"column":23},"end":{"line":30,"column":37}},{"start":{"line":31,"column":20},"end":{"line":31,"column":61}},{"start":{"line":32,"column":20},"end":{"line":32,"column":70}},{"start":{"line":33,"column":20},"end":{"line":33,"column":26}}]},"3":{"line":37,"type":"cond-expr","locations":[{"start":{"line":38,"column":14},"end":{"line":38,"column":20}},{"start":{"line":39,"column":14},"end":{"line":39,"column":20}}]},"4":{"line":41,"type":"binary-expr","locations":[{"start":{"line":41,"column":16},"end":{"line":41,"column":44}},{"start":{"line":41,"column":48},"end":{"line":41,"column":53}}]},"5":{"line":45,"type":"if","locations":[{"start":{"line":45,"column":8},"end":{"line":45,"column":8}},{"start":{"line":45,"column":8},"end":{"line":45,"column":8}}]}},"code":["/* istanbul instrument in package npmtest_matcha */","/*jslint","    bitwise: true,","    browser: true,","    maxerr: 8,","    maxlen: 96,","    node: true,","    nomen: true,","    regexp: true,","    stupid: true","*/","(function () {","    'use strict';","    var local;","","","","    // run shared js-env code - pre-init","    (function () {","        // init local","        local = {};","        // init modeJs","        local.modeJs = (function () {","            try {","                return typeof navigator.userAgent === 'string' &&","                    typeof document.querySelector('body') === 'object' &&","                    typeof XMLHttpRequest.prototype.open === 'function' &&","                    'browser';","            } catch (errorCaughtBrowser) {","                return module.exports &&","                    typeof process.versions.node === 'string' &&","                    typeof require('http').createServer === 'function' &&","                    'node';","            }","        }());","        // init global","        local.global = local.modeJs === 'browser'","            ? window","            : global;","        // init utility2_rollup","        local = local.global.utility2_rollup || local;","        // init lib","        local.local = local.npmtest_matcha = local;","        // init exports","        if (local.modeJs === 'browser') {","            local.global.utility2_npmtest_matcha = local;","        } else {","            module.exports = local;","            module.exports.__dirname = __dirname;","            module.exports.module = module;","        }","    }());","}());",""],"l":{"12":2,"14":2,"19":2,"21":2,"23":2,"24":2,"25":2,"30":1,"37":2,"41":2,"43":2,"45":2,"46":1,"48":1,"49":1,"50":1}},"/home/travis/build/npmtest/node-npmtest-matcha/example.js":{"path":"/home/travis/build/npmtest/node-npmtest-matcha/example.js","s":{"1":2,"2":2,"3":2,"4":2,"5":2,"6":2,"7":2,"8":1,"9":2,"10":2,"11":2,"12":2,"13":1,"14":2,"15":2,"16":2,"17":2,"18":2,"19":0,"20":2,"21":1,"22":1,"23":1,"24":1,"25":1,"26":0,"27":0,"28":1,"29":1,"30":2,"31":0,"32":0,"33":0,"34":1,"35":2,"36":2,"37":3,"38":3,"39":3,"40":3,"41":0,"42":3,"43":3,"44":3,"45":1,"46":3,"47":1,"48":1,"49":1,"50":1,"51":1,"52":1,"53":1,"54":1,"55":1,"56":1,"57":0,"58":1,"59":6,"60":6,"61":1,"62":2,"63":0,"64":2,"65":1,"66":1,"67":0,"68":0,"69":0,"70":0,"71":0,"72":0,"73":0,"74":0,"75":0,"76":0,"77":0,"78":0,"79":0,"80":0,"81":0,"82":0,"83":0},"b":{"1":[2,1,1,1],"2":[1,1,1,1],"3":[1,1],"4":[2,2],"5":[1,1],"6":[1,1],"7":[2,0],"8":[2,1,1,1,1,1],"9":[0,2,0],"10":[1,1],"11":[2,1,1],"12":[1,0],"13":[0,2],"14":[2,0,0,0,0,0,0],"15":[0,3],"16":[3,0],"17":[1,1],"18":[0,1],"19":[1,2,0,2],"20":[1,0],"21":[1,1],"22":[0,0],"23":[0,0],"24":[0,0],"25":[0,0],"26":[0,0],"27":[0,0],"28":[0,0]},"f":{"1":2,"2":2,"3":2,"4":2,"5":2,"6":2,"7":3,"8":3,"9":3,"10":1,"11":6,"12":0},"fnMap":{"1":{"name":"(anonymous_1)","line":26,"loc":{"start":{"line":26,"column":1},"end":{"line":26,"column":13}}},"2":{"name":"(anonymous_2)","line":33,"loc":{"start":{"line":33,"column":5},"end":{"line":33,"column":17}}},"3":{"name":"(anonymous_3)","line":37,"loc":{"start":{"line":37,"column":24},"end":{"line":37,"column":36}}},"4":{"name":"(anonymous_4)","line":69,"loc":{"start":{"line":69,"column":31},"end":{"line":69,"column":48}},"skip":true},"5":{"name":"(anonymous_5)","line":78,"loc":{"start":{"line":78,"column":26},"end":{"line":78,"column":45}},"skip":true},"6":{"name":"(anonymous_6)","line":123,"loc":{"start":{"line":123,"column":33},"end":{"line":123,"column":48}},"skip":true},"7":{"name":"(anonymous_7)","line":125,"loc":{"start":{"line":125,"column":27},"end":{"line":125,"column":39}},"skip":true},"8":{"name":"(anonymous_8)","line":133,"loc":{"start":{"line":133,"column":59},"end":{"line":133,"column":74}},"skip":true},"9":{"name":"(anonymous_9)","line":143,"loc":{"start":{"line":143,"column":45},"end":{"line":143,"column":62}},"skip":true},"10":{"name":"(anonymous_10)","line":144,"loc":{"start":{"line":144,"column":73},"end":{"line":144,"column":92}},"skip":true},"11":{"name":"(anonymous_11)","line":272,"loc":{"start":{"line":272,"column":51},"end":{"line":272,"column":77}},"skip":true},"12":{"name":"(anonymous_12)","line":315,"loc":{"start":{"line":315,"column":32},"end":{"line":315,"column":61}},"skip":true}},"statementMap":{"1":{"start":{"line":26,"column":0},"end":{"line":326,"column":5}},"2":{"start":{"line":28,"column":4},"end":{"line":28,"column":14}},"3":{"start":{"line":33,"column":4},"end":{"line":60,"column":9}},"4":{"start":{"line":35,"column":8},"end":{"line":35,"column":19}},"5":{"start":{"line":37,"column":8},"end":{"line":49,"column":13}},"6":{"start":{"line":38,"column":12},"end":{"line":48,"column":13}},"7":{"start":{"line":39,"column":16},"end":{"line":42,"column":30}},"8":{"start":{"line":44,"column":16},"end":{"line":47,"column":27}},"9":{"start":{"line":51,"column":8},"end":{"line":53,"column":21}},"10":{"start":{"line":55,"column":8},"end":{"line":57,"column":45}},"11":{"start":{"line":59,"column":8},"end":{"line":59,"column":35}},"12":{"start":{"line":61,"column":4},"end":{"line":325,"column":5}},"13":{"start":{"line":69,"column":8},"end":{"line":121,"column":10},"skip":true},"14":{"start":{"line":70,"column":12},"end":{"line":88,"column":13},"skip":true},"15":{"start":{"line":76,"column":16},"end":{"line":87,"column":19},"skip":true},"16":{"start":{"line":79,"column":20},"end":{"line":86,"column":21},"skip":true},"17":{"start":{"line":82,"column":24},"end":{"line":82,"column":43},"skip":true},"18":{"start":{"line":83,"column":24},"end":{"line":83,"column":30},"skip":true},"19":{"start":{"line":85,"column":24},"end":{"line":85,"column":49},"skip":true},"20":{"start":{"line":89,"column":12},"end":{"line":107,"column":13},"skip":true},"21":{"start":{"line":92,"column":16},"end":{"line":102,"column":17},"skip":true},"22":{"start":{"line":93,"column":20},"end":{"line":93,"column":86},"skip":true},"23":{"start":{"line":94,"column":20},"end":{"line":95,"column":45},"skip":true},"24":{"start":{"line":96,"column":20},"end":{"line":96,"column":42},"skip":true},"25":{"start":{"line":97,"column":20},"end":{"line":97,"column":48},"skip":true},"26":{"start":{"line":100,"column":20},"end":{"line":100,"column":85},"skip":true},"27":{"start":{"line":101,"column":20},"end":{"line":101,"column":96},"skip":true},"28":{"start":{"line":103,"column":16},"end":{"line":103,"column":22},"skip":true},"29":{"start":{"line":106,"column":16},"end":{"line":106,"column":22},"skip":true},"30":{"start":{"line":108,"column":12},"end":{"line":120,"column":13},"skip":true},"31":{"start":{"line":114,"column":16},"end":{"line":119,"column":17},"skip":true},"32":{"start":{"line":116,"column":20},"end":{"line":116,"column":78},"skip":true},"33":{"start":{"line":118,"column":20},"end":{"line":118,"column":47},"skip":true},"34":{"start":{"line":123,"column":8},"end":{"line":141,"column":11},"skip":true},"35":{"start":{"line":124,"column":12},"end":{"line":124,"column":54},"skip":true},"36":{"start":{"line":125,"column":12},"end":{"line":140,"column":14},"skip":true},"37":{"start":{"line":126,"column":16},"end":{"line":126,"column":28},"skip":true},"38":{"start":{"line":127,"column":16},"end":{"line":127,"column":69},"skip":true},"39":{"start":{"line":128,"column":16},"end":{"line":128,"column":75},"skip":true},"40":{"start":{"line":129,"column":16},"end":{"line":131,"column":17},"skip":true},"41":{"start":{"line":130,"column":20},"end":{"line":130,"column":27},"skip":true},"42":{"start":{"line":133,"column":16},"end":{"line":137,"column":36},"skip":true},"43":{"start":{"line":134,"column":20},"end":{"line":136,"column":55},"skip":true},"44":{"start":{"line":139,"column":16},"end":{"line":139,"column":57},"skip":true},"45":{"start":{"line":143,"column":8},"end":{"line":147,"column":11},"skip":true},"46":{"start":{"line":144,"column":12},"end":{"line":146,"column":15},"skip":true},"47":{"start":{"line":145,"column":16},"end":{"line":145,"column":70},"skip":true},"48":{"start":{"line":149,"column":8},"end":{"line":149,"column":31},"skip":true},"49":{"start":{"line":150,"column":8},"end":{"line":150,"column":14},"skip":true},"50":{"start":{"line":158,"column":8},"end":{"line":158,"column":31},"skip":true},"51":{"start":{"line":160,"column":8},"end":{"line":160,"column":33},"skip":true},"52":{"start":{"line":161,"column":8},"end":{"line":161,"column":37},"skip":true},"53":{"start":{"line":162,"column":8},"end":{"line":162,"column":35},"skip":true},"54":{"start":{"line":164,"column":8},"end":{"line":164,"column":50},"skip":true},"55":{"start":{"line":166,"column":8},"end":{"line":256,"column":2},"skip":true},"56":{"start":{"line":258,"column":8},"end":{"line":286,"column":9},"skip":true},"57":{"start":{"line":259,"column":12},"end":{"line":269,"column":14},"skip":true},"58":{"start":{"line":271,"column":12},"end":{"line":285,"column":19},"skip":true},"59":{"start":{"line":274,"column":20},"end":{"line":274,"column":35},"skip":true},"60":{"start":{"line":275,"column":20},"end":{"line":284,"column":21},"skip":true},"61":{"start":{"line":277,"column":24},"end":{"line":277,"column":64},"skip":true},"62":{"start":{"line":279,"column":24},"end":{"line":279,"column":40},"skip":true},"63":{"start":{"line":281,"column":24},"end":{"line":281,"column":40},"skip":true},"64":{"start":{"line":283,"column":24},"end":{"line":283,"column":39},"skip":true},"65":{"start":{"line":288,"column":8},"end":{"line":290,"column":9},"skip":true},"66":{"start":{"line":289,"column":12},"end":{"line":289,"column":18},"skip":true},"67":{"start":{"line":291,"column":8},"end":{"line":293,"column":54},"skip":true},"68":{"start":{"line":296,"column":8},"end":{"line":301,"column":37},"skip":true},"69":{"start":{"line":303,"column":8},"end":{"line":303,"column":82},"skip":true},"70":{"start":{"line":306,"column":8},"end":{"line":308,"column":9},"skip":true},"71":{"start":{"line":307,"column":12},"end":{"line":307,"column":82},"skip":true},"72":{"start":{"line":310,"column":8},"end":{"line":312,"column":9},"skip":true},"73":{"start":{"line":311,"column":12},"end":{"line":311,"column":18},"skip":true},"74":{"start":{"line":313,"column":8},"end":{"line":313,"column":54},"skip":true},"75":{"start":{"line":314,"column":8},"end":{"line":314,"column":69},"skip":true},"76":{"start":{"line":315,"column":8},"end":{"line":323,"column":36},"skip":true},"77":{"start":{"line":316,"column":12},"end":{"line":316,"column":61},"skip":true},"78":{"start":{"line":317,"column":12},"end":{"line":320,"column":13},"skip":true},"79":{"start":{"line":318,"column":16},"end":{"line":318,"column":75},"skip":true},"80":{"start":{"line":319,"column":16},"end":{"line":319,"column":23},"skip":true},"81":{"start":{"line":321,"column":12},"end":{"line":321,"column":38},"skip":true},"82":{"start":{"line":322,"column":12},"end":{"line":322,"column":27},"skip":true},"83":{"start":{"line":324,"column":8},"end":{"line":324,"column":14},"skip":true}},"branchMap":{"1":{"line":39,"type":"binary-expr","locations":[{"start":{"line":39,"column":23},"end":{"line":39,"column":62}},{"start":{"line":40,"column":20},"end":{"line":40,"column":70}},{"start":{"line":41,"column":20},"end":{"line":41,"column":71}},{"start":{"line":42,"column":20},"end":{"line":42,"column":29}}]},"2":{"line":44,"type":"binary-expr","locations":[{"start":{"line":44,"column":23},"end":{"line":44,"column":37}},{"start":{"line":45,"column":20},"end":{"line":45,"column":61}},{"start":{"line":46,"column":20},"end":{"line":46,"column":70}},{"start":{"line":47,"column":20},"end":{"line":47,"column":26}}]},"3":{"line":51,"type":"cond-expr","locations":[{"start":{"line":52,"column":14},"end":{"line":52,"column":20}},{"start":{"line":53,"column":14},"end":{"line":53,"column":20}}]},"4":{"line":55,"type":"binary-expr","locations":[{"start":{"line":55,"column":16},"end":{"line":55,"column":44}},{"start":{"line":55,"column":49},"end":{"line":57,"column":43}}]},"5":{"line":55,"type":"cond-expr","locations":[{"start":{"line":56,"column":14},"end":{"line":56,"column":50}},{"start":{"line":57,"column":14},"end":{"line":57,"column":43}}]},"6":{"line":61,"type":"switch","locations":[{"start":{"line":68,"column":4},"end":{"line":150,"column":14},"skip":true},{"start":{"line":156,"column":4},"end":{"line":324,"column":14},"skip":true}]},"7":{"line":70,"type":"if","locations":[{"start":{"line":70,"column":12},"end":{"line":70,"column":12},"skip":true},{"start":{"line":70,"column":12},"end":{"line":70,"column":12},"skip":true}]},"8":{"line":70,"type":"binary-expr","locations":[{"start":{"line":70,"column":16},"end":{"line":70,"column":22},"skip":true},{"start":{"line":70,"column":27},"end":{"line":70,"column":32},"skip":true},{"start":{"line":71,"column":20},"end":{"line":71,"column":39},"skip":true},{"start":{"line":72,"column":20},"end":{"line":72,"column":49},"skip":true},{"start":{"line":73,"column":20},"end":{"line":73,"column":58},"skip":true},{"start":{"line":74,"column":20},"end":{"line":74,"column":69},"skip":true}]},"9":{"line":79,"type":"switch","locations":[{"start":{"line":80,"column":20},"end":{"line":80,"column":33},"skip":true},{"start":{"line":81,"column":20},"end":{"line":83,"column":30},"skip":true},{"start":{"line":84,"column":20},"end":{"line":85,"column":49},"skip":true}]},"10":{"line":89,"type":"switch","locations":[{"start":{"line":90,"column":12},"end":{"line":103,"column":22},"skip":true},{"start":{"line":105,"column":12},"end":{"line":106,"column":22},"skip":true}]},"11":{"line":89,"type":"binary-expr","locations":[{"start":{"line":89,"column":20},"end":{"line":89,"column":25},"skip":true},{"start":{"line":89,"column":29},"end":{"line":89,"column":48},"skip":true},{"start":{"line":89,"column":52},"end":{"line":89,"column":74},"skip":true}]},"12":{"line":92,"type":"if","locations":[{"start":{"line":92,"column":16},"end":{"line":92,"column":16},"skip":true},{"start":{"line":92,"column":16},"end":{"line":92,"column":16},"skip":true}]},"13":{"line":108,"type":"if","locations":[{"start":{"line":108,"column":12},"end":{"line":108,"column":12},"skip":true},{"start":{"line":108,"column":12},"end":{"line":108,"column":12},"skip":true}]},"14":{"line":108,"type":"binary-expr","locations":[{"start":{"line":108,"column":16},"end":{"line":108,"column":61},"skip":true},{"start":{"line":108,"column":66},"end":{"line":108,"column":72},"skip":true},{"start":{"line":108,"column":77},"end":{"line":108,"column":82},"skip":true},{"start":{"line":109,"column":20},"end":{"line":109,"column":39},"skip":true},{"start":{"line":110,"column":20},"end":{"line":110,"column":49},"skip":true},{"start":{"line":111,"column":20},"end":{"line":111,"column":58},"skip":true},{"start":{"line":112,"column":20},"end":{"line":112,"column":68},"skip":true}]},"15":{"line":129,"type":"if","locations":[{"start":{"line":129,"column":16},"end":{"line":129,"column":16},"skip":true},{"start":{"line":129,"column":16},"end":{"line":129,"column":16},"skip":true}]},"16":{"line":134,"type":"cond-expr","locations":[{"start":{"line":135,"column":26},"end":{"line":135,"column":29},"skip":true},{"start":{"line":136,"column":26},"end":{"line":136,"column":54},"skip":true}]},"17":{"line":164,"type":"binary-expr","locations":[{"start":{"line":164,"column":27},"end":{"line":164,"column":43},"skip":true},{"start":{"line":164,"column":47},"end":{"line":164,"column":49},"skip":true}]},"18":{"line":258,"type":"if","locations":[{"start":{"line":258,"column":8},"end":{"line":258,"column":8},"skip":true},{"start":{"line":258,"column":8},"end":{"line":258,"column":8},"skip":true}]},"19":{"line":275,"type":"switch","locations":[{"start":{"line":276,"column":20},"end":{"line":277,"column":64},"skip":true},{"start":{"line":278,"column":20},"end":{"line":279,"column":40},"skip":true},{"start":{"line":280,"column":20},"end":{"line":281,"column":40},"skip":true},{"start":{"line":282,"column":20},"end":{"line":283,"column":39},"skip":true}]},"20":{"line":288,"type":"if","locations":[{"start":{"line":288,"column":8},"end":{"line":288,"column":8},"skip":true},{"start":{"line":288,"column":8},"end":{"line":288,"column":8},"skip":true}]},"21":{"line":288,"type":"binary-expr","locations":[{"start":{"line":288,"column":12},"end":{"line":288,"column":40},"skip":true},{"start":{"line":288,"column":44},"end":{"line":288,"column":67},"skip":true}]},"22":{"line":292,"type":"binary-expr","locations":[{"start":{"line":292,"column":12},"end":{"line":292,"column":50},"skip":true},{"start":{"line":293,"column":12},"end":{"line":293,"column":53},"skip":true}]},"23":{"line":297,"type":"binary-expr","locations":[{"start":{"line":297,"column":12},"end":{"line":297,"column":64},"skip":true},{"start":{"line":298,"column":12},"end":{"line":301,"column":36},"skip":true}]},"24":{"line":303,"type":"binary-expr","locations":[{"start":{"line":303,"column":43},"end":{"line":303,"column":75},"skip":true},{"start":{"line":303,"column":79},"end":{"line":303,"column":81},"skip":true}]},"25":{"line":306,"type":"if","locations":[{"start":{"line":306,"column":8},"end":{"line":306,"column":8},"skip":true},{"start":{"line":306,"column":8},"end":{"line":306,"column":8},"skip":true}]},"26":{"line":310,"type":"if","locations":[{"start":{"line":310,"column":8},"end":{"line":310,"column":8},"skip":true},{"start":{"line":310,"column":8},"end":{"line":310,"column":8},"skip":true}]},"27":{"line":313,"type":"binary-expr","locations":[{"start":{"line":313,"column":27},"end":{"line":313,"column":43},"skip":true},{"start":{"line":313,"column":47},"end":{"line":313,"column":53},"skip":true}]},"28":{"line":317,"type":"if","locations":[{"start":{"line":317,"column":12},"end":{"line":317,"column":12},"skip":true},{"start":{"line":317,"column":12},"end":{"line":317,"column":12},"skip":true}]}},"code":["/*","example.js","","quickstart example","","instruction","    1. save this script as example.js","    2. run the shell command:","        $ npm install npmtest-matcha && PORT=8081 node example.js","    3. play with the browser-demo on http://127.0.0.1:8081","*/","","","","/* istanbul instrument in package npmtest_matcha */","/*jslint","    bitwise: true,","    browser: true,","    maxerr: 8,","    maxlen: 96,","    node: true,","    nomen: true,","    regexp: true,","    stupid: true","*/","(function () {","    'use strict';","    var local;","","","","    // run shared js-env code - pre-init","    (function () {","        // init local","        local = {};","        // init modeJs","        local.modeJs = (function () {","            try {","                return typeof navigator.userAgent === 'string' &&","                    typeof document.querySelector('body') === 'object' &&","                    typeof XMLHttpRequest.prototype.open === 'function' &&","                    'browser';","            } catch (errorCaughtBrowser) {","                return module.exports &&","                    typeof process.versions.node === 'string' &&","                    typeof require('http').createServer === 'function' &&","                    'node';","            }","        }());","        // init global","        local.global = local.modeJs === 'browser'","            ? window","            : global;","        // init utility2_rollup","        local = local.global.utility2_rollup || (local.modeJs === 'browser'","            ? local.global.utility2_npmtest_matcha","            : global.utility2_moduleExports);","        // export local","        local.global.local = local;","    }());","    switch (local.modeJs) {","","","","    // post-init","    // run browser js-env code - post-init","    /* istanbul ignore next */","    case 'browser':","        local.testRunBrowser = function (event) {","            if (!event || (event &&","                    event.currentTarget &&","                    event.currentTarget.className &&","                    event.currentTarget.className.includes &&","                    event.currentTarget.className.includes('onreset'))) {","                // reset output","                Array.from(","                    document.querySelectorAll('body > .resettable')","                ).forEach(function (element) {","                    switch (element.tagName) {","                    case 'INPUT':","                    case 'TEXTAREA':","                        element.value = '';","                        break;","                    default:","                        element.textContent = '';","                    }","                });","            }","            switch (event && event.currentTarget && event.currentTarget.id) {","            case 'testRunButton1':","                // show tests","                if (document.querySelector('#testReportDiv1').style.display === 'none') {","                    document.querySelector('#testReportDiv1').style.display = 'block';","                    document.querySelector('#testRunButton1').textContent =","                        'hide internal test';","                    local.modeTest = true;","                    local.testRunDefault(local);","                // hide tests","                } else {","                    document.querySelector('#testReportDiv1').style.display = 'none';","                    document.querySelector('#testRunButton1').textContent = 'run internal test';","                }","                break;","            // custom-case","            default:","                break;","            }","            if (document.querySelector('#inputTextareaEval1') && (!event || (event &&","                    event.currentTarget &&","                    event.currentTarget.className &&","                    event.currentTarget.className.includes &&","                    event.currentTarget.className.includes('oneval')))) {","                // try to eval input-code","                try {","                    /*jslint evil: true*/","                    eval(document.querySelector('#inputTextareaEval1').value);","                } catch (errorCaught) {","                    console.error(errorCaught);","                }","            }","        };","        // log stderr and stdout to #outputTextareaStdout1","        ['error', 'log'].forEach(function (key) {","            console[key + '_original'] = console[key];","            console[key] = function () {","                var element;","                console[key + '_original'].apply(console, arguments);","                element = document.querySelector('#outputTextareaStdout1');","                if (!element) {","                    return;","                }","                // append text to #outputTextareaStdout1","                element.value += Array.from(arguments).map(function (arg) {","                    return typeof arg === 'string'","                        ? arg","                        : JSON.stringify(arg, null, 4);","                }).join(' ') + '\\n';","                // scroll textarea to bottom","                element.scrollTop = element.scrollHeight;","            };","        });","        // init event-handling","        ['change', 'click', 'keyup'].forEach(function (event) {","            Array.from(document.querySelectorAll('.on' + event)).forEach(function (element) {","                element.addEventListener(event, local.testRunBrowser);","            });","        });","        // run tests","        local.testRunBrowser();","        break;","","","","    // run node js-env code - post-init","    /* istanbul ignore next */","    case 'node':","        // export local","        module.exports = local;","        // require modules","        local.fs = require('fs');","        local.http = require('http');","        local.url = require('url');","        // init assets","        local.assetsDict = local.assetsDict || {};","        /* jslint-ignore-begin */","        local.assetsDict['/assets.index.template.html'] = '\\","<!doctype html>\\n\\","<html lang=\"en\">\\n\\","<head>\\n\\","<meta charset=\"UTF-8\">\\n\\","<meta name=\"viewport\" content=\"width=device-width, initial-scale=1\">\\n\\","<title>{{env.npm_package_name}} (v{{env.npm_package_version}})</title>\\n\\","<style>\\n\\","/*csslint\\n\\","    box-sizing: false,\\n\\","    universal-selector: false\\n\\","*/\\n\\","* {\\n\\","    box-sizing: border-box;\\n\\","}\\n\\","body {\\n\\","    background: #dde;\\n\\","    font-family: Arial, Helvetica, sans-serif;\\n\\","    margin: 2rem;\\n\\","}\\n\\","body > * {\\n\\","    margin-bottom: 1rem;\\n\\","}\\n\\",".utility2FooterDiv {\\n\\","    margin-top: 20px;\\n\\","    text-align: center;\\n\\","}\\n\\","</style>\\n\\","<style>\\n\\","/*csslint\\n\\","*/\\n\\","textarea {\\n\\","    font-family: monospace;\\n\\","    height: 10rem;\\n\\","    width: 100%;\\n\\","}\\n\\","textarea[readonly] {\\n\\","    background: #ddd;\\n\\","}\\n\\","</style>\\n\\","</head>\\n\\","<body>\\n\\","<!-- utility2-comment\\n\\","<div id=\"ajaxProgressDiv1\" style=\"background: #d00; height: 2px; left: 0; margin: 0; padding: 0; position: fixed; top: 0; transition: background 0.5s, width 1.5s; width: 25%;\"></div>\\n\\","utility2-comment -->\\n\\","<h1>\\n\\","<!-- utility2-comment\\n\\","    <a\\n\\","        {{#if env.npm_package_homepage}}\\n\\","        href=\"{{env.npm_package_homepage}}\"\\n\\","        {{/if env.npm_package_homepage}}\\n\\","        target=\"_blank\"\\n\\","    >\\n\\","utility2-comment -->\\n\\","        {{env.npm_package_name}} (v{{env.npm_package_version}})\\n\\","<!-- utility2-comment\\n\\","    </a>\\n\\","utility2-comment -->\\n\\","</h1>\\n\\","<h3>{{env.npm_package_description}}</h3>\\n\\","<!-- utility2-comment\\n\\","<h4><a download href=\"assets.app.js\">download standalone app</a></h4>\\n\\","<button class=\"onclick onreset\" id=\"testRunButton1\">run internal test</button><br>\\n\\","<div id=\"testReportDiv1\" style=\"display: none;\"></div>\\n\\","utility2-comment -->\\n\\","\\n\\","\\n\\","\\n\\","<label>stderr and stdout</label>\\n\\","<textarea class=\"resettable\" id=\"outputTextareaStdout1\" readonly></textarea>\\n\\","<!-- utility2-comment\\n\\","{{#if isRollup}}\\n\\","<script src=\"assets.app.js\"></script>\\n\\","{{#unless isRollup}}\\n\\","utility2-comment -->\\n\\","<script src=\"assets.utility2.rollup.js\"></script>\\n\\","<script src=\"jsonp.utility2._stateInit?callback=window.utility2._stateInit\"></script>\\n\\","<script src=\"assets.npmtest_matcha.rollup.js\"></script>\\n\\","<script src=\"assets.example.js\"></script>\\n\\","<script src=\"assets.test.js\"></script>\\n\\","<!-- utility2-comment\\n\\","{{/if isRollup}}\\n\\","utility2-comment -->\\n\\","<div class=\"utility2FooterDiv\">\\n\\","    [ this app was created with\\n\\","    <a href=\"https://github.com/kaizhu256/node-utility2\" target=\"_blank\">utility2</a>\\n\\","    ]\\n\\","</div>\\n\\","</body>\\n\\","</html>\\n\\","';","        /* jslint-ignore-end */","        if (local.templateRender) {","            local.assetsDict['/'] = local.templateRender(","                local.assetsDict['/assets.index.template.html'],","                {","                    env: local.objectSetDefault(local.env, {","                        npm_package_description: 'the greatest app in the world!',","                        npm_package_name: 'my-app',","                        npm_package_nameAlias: 'my_app',","                        npm_package_version: '0.0.1'","                    })","                }","            );","        } else {","            local.assetsDict['/'] = local.assetsDict['/assets.index.template.html']","                .replace((/\\{\\{env\\.(\\w+?)\\}\\}/g), function (match0, match1) {","                    // jslint-hack","                    String(match0);","                    switch (match1) {","                    case 'npm_package_description':","                        return 'the greatest app in the world!';","                    case 'npm_package_name':","                        return 'my-app';","                    case 'npm_package_nameAlias':","                        return 'my_app';","                    case 'npm_package_version':","                        return '0.0.1';","                    }","                });","        }","        // run the cli","        if (local.global.utility2_rollup || module !== require.main) {","            break;","        }","        local.assetsDict['/assets.example.js'] =","            local.assetsDict['/assets.example.js'] ||","            local.fs.readFileSync(__filename, 'utf8');","        // bug-workaround - long $npm_package_buildCustomOrg","        /* jslint-ignore-begin */","        local.assetsDict['/assets.npmtest_matcha.rollup.js'] =","            local.assetsDict['/assets.npmtest_matcha.rollup.js'] ||","            local.fs.readFileSync(","                local.npmtest_matcha.__dirname + '/lib.npmtest_matcha.js',","                'utf8'","            ).replace((/^#!/), '//');","        /* jslint-ignore-end */","        local.assetsDict['/favicon.ico'] = local.assetsDict['/favicon.ico'] || '';","        // if $npm_config_timeout_exit exists,","        // then exit this process after $npm_config_timeout_exit ms","        if (Number(process.env.npm_config_timeout_exit)) {","            setTimeout(process.exit, Number(process.env.npm_config_timeout_exit));","        }","        // start server","        if (local.global.utility2_serverHttp1) {","            break;","        }","        process.env.PORT = process.env.PORT || '8081';","        console.error('server starting on port ' + process.env.PORT);","        local.http.createServer(function (request, response) {","            request.urlParsed = local.url.parse(request.url);","            if (local.assetsDict[request.urlParsed.pathname] !== undefined) {","                response.end(local.assetsDict[request.urlParsed.pathname]);","                return;","            }","            response.statusCode = 404;","            response.end();","        }).listen(process.env.PORT);","        break;","    }","}());",""],"l":{"26":2,"28":2,"33":2,"35":2,"37":2,"38":2,"39":2,"44":1,"51":2,"55":2,"59":2,"61":2,"69":1,"70":2,"76":2,"79":2,"82":2,"83":2,"85":1,"89":2,"92":1,"93":1,"94":1,"96":1,"97":1,"100":1,"101":1,"103":1,"106":1,"108":2,"114":1,"116":1,"118":1,"123":1,"124":2,"125":2,"126":3,"127":3,"128":3,"129":3,"130":1,"133":3,"134":3,"139":3,"143":1,"144":3,"145":1,"149":1,"150":1,"158":1,"160":1,"161":1,"162":1,"164":1,"166":1,"258":1,"259":1,"271":1,"274":6,"275":6,"277":1,"279":2,"281":1,"283":2,"288":1,"289":1,"291":1,"296":1,"303":1,"306":1,"307":1,"310":1,"311":1,"313":1,"314":1,"315":1,"316":1,"317":1,"318":1,"319":1,"321":1,"322":1,"324":1}},"/home/travis/build/npmtest/node-npmtest-matcha/node_modules/matcha/index.js":{"path":"/home/travis/build/npmtest/node-npmtest-matcha/node_modules/matcha/index.js","s":{"1":1},"b":{},"f":{},"fnMap":{},"statementMap":{"1":{"start":{"line":1,"column":0},"end":{"line":1,"column":41}}},"branchMap":{},"code":["module.exports = require('./lib/matcha');"],"l":{"1":1}},"/home/travis/build/npmtest/node-npmtest-matcha/node_modules/matcha/lib/matcha.js":{"path":"/home/travis/build/npmtest/node-npmtest-matcha/node_modules/matcha/lib/matcha.js","s":{"1":1,"2":1,"3":1,"4":1,"5":1},"b":{},"f":{},"fnMap":{},"statementMap":{"1":{"start":{"line":7,"column":0},"end":{"line":7,"column":26}},"2":{"start":{"line":8,"column":0},"end":{"line":8,"column":42}},"3":{"start":{"line":9,"column":0},"end":{"line":9,"column":42}},"4":{"start":{"line":10,"column":0},"end":{"line":10,"column":44}},"5":{"start":{"line":11,"column":0},"end":{"line":11,"column":42}}},"branchMap":{},"code":["/*!"," * Matcha"," * Copyright(c) 2012 Jake Luer <jake@alogicalparadox.com>"," * MIT Licensed"," */","","exports.version = '0.6.0';","exports.Bench = require('./matcha/bench');","exports.Suite = require('./matcha/suite');","exports.Runner = require('./matcha/runner');","exports.utils = require('./matcha/utils');","",""],"l":{"7":1,"8":1,"9":1,"10":1,"11":1}},"/home/travis/build/npmtest/node-npmtest-matcha/node_modules/matcha/lib/matcha/bench.js":{"path":"/home/travis/build/npmtest/node-npmtest-matcha/node_modules/matcha/lib/matcha/bench.js","s":{"1":1,"2":1,"3":1,"4":1,"5":0,"6":0,"7":0,"8":1,"9":1,"10":0,"11":0,"12":1,"13":0,"14":0,"15":0,"16":0,"17":0,"18":1,"19":0,"20":0,"21":1,"22":0,"23":0,"24":0,"25":0,"26":1,"27":0,"28":0,"29":1,"30":0,"31":0,"32":0,"33":0,"34":0,"35":0,"36":0,"37":0,"38":1,"39":0,"40":0,"41":0,"42":0,"43":1,"44":0,"45":1,"46":0,"47":0,"48":0,"49":0,"50":0,"51":0,"52":0,"53":0,"54":0,"55":0},"b":{"1":[0,0],"2":[0,0],"3":[0,0],"4":[0,0],"5":[0,0],"6":[0,0],"7":[0,0]},"f":{"1":0,"2":0,"3":0,"4":0,"5":0,"6":0,"7":0,"8":0,"9":0,"10":0,"11":0,"12":0},"fnMap":{"1":{"name":"Bench","line":26,"loc":{"start":{"line":26,"column":0},"end":{"line":26,"column":27}}},"2":{"name":"(anonymous_2)","line":46,"loc":{"start":{"line":46,"column":22},"end":{"line":46,"column":36}}},"3":{"name":"(anonymous_3)","line":53,"loc":{"start":{"line":53,"column":13},"end":{"line":53,"column":25}}},"4":{"name":"report","line":55,"loc":{"start":{"line":55,"column":2},"end":{"line":55,"column":35}}},"5":{"name":"runStatic","line":79,"loc":{"start":{"line":79,"column":0},"end":{"line":79,"column":24}}},"6":{"name":"next","line":92,"loc":{"start":{"line":92,"column":2},"end":{"line":92,"column":24}}},"7":{"name":"runAdaptive","line":112,"loc":{"start":{"line":112,"column":0},"end":{"line":112,"column":26}}},"8":{"name":"next","line":126,"loc":{"start":{"line":126,"column":2},"end":{"line":126,"column":24}}},"9":{"name":"doSync","line":153,"loc":{"start":{"line":153,"column":0},"end":{"line":153,"column":52}}},"10":{"name":"doAsync","line":171,"loc":{"start":{"line":171,"column":0},"end":{"line":171,"column":53}}},"11":{"name":"iterate","line":174,"loc":{"start":{"line":174,"column":2},"end":{"line":174,"column":22}}},"12":{"name":"(anonymous_12)","line":178,"loc":{"start":{"line":178,"column":7},"end":{"line":178,"column":19}}}},"statementMap":{"1":{"start":{"line":11,"column":0},"end":{"line":12,"column":27}},"2":{"start":{"line":18,"column":0},"end":{"line":18,"column":31}},"3":{"start":{"line":24,"column":0},"end":{"line":24,"column":23}},"4":{"start":{"line":26,"column":0},"end":{"line":30,"column":1}},"5":{"start":{"line":27,"column":2},"end":{"line":27,"column":26}},"6":{"start":{"line":28,"column":2},"end":{"line":28,"column":21}},"7":{"start":{"line":29,"column":2},"end":{"line":29,"column":15}},"8":{"start":{"line":36,"column":0},"end":{"line":36,"column":35}},"9":{"start":{"line":46,"column":0},"end":{"line":68,"column":2}},"10":{"start":{"line":47,"column":2},"end":{"line":51,"column":19}},"11":{"start":{"line":53,"column":2},"end":{"line":53,"column":28}},"12":{"start":{"line":55,"column":2},"end":{"line":65,"column":3}},"13":{"start":{"line":56,"column":4},"end":{"line":61,"column":6}},"14":{"start":{"line":62,"column":4},"end":{"line":62,"column":23}},"15":{"start":{"line":63,"column":4},"end":{"line":63,"column":28}},"16":{"start":{"line":64,"column":4},"end":{"line":64,"column":14}},"17":{"start":{"line":67,"column":2},"end":{"line":67,"column":28}},"18":{"start":{"line":79,"column":0},"end":{"line":99,"column":1}},"19":{"start":{"line":80,"column":2},"end":{"line":86,"column":16}},"20":{"start":{"line":88,"column":2},"end":{"line":90,"column":14}},"21":{"start":{"line":92,"column":2},"end":{"line":94,"column":3}},"22":{"start":{"line":93,"column":4},"end":{"line":93,"column":36}},"23":{"start":{"line":96,"column":2},"end":{"line":96,"column":21}},"24":{"start":{"line":97,"column":2},"end":{"line":97,"column":16}},"25":{"start":{"line":98,"column":2},"end":{"line":98,"column":46}},"26":{"start":{"line":112,"column":0},"end":{"line":139,"column":1}},"27":{"start":{"line":113,"column":2},"end":{"line":120,"column":16}},"28":{"start":{"line":122,"column":2},"end":{"line":124,"column":13}},"29":{"start":{"line":126,"column":2},"end":{"line":134,"column":3}},"30":{"start":{"line":127,"column":4},"end":{"line":127,"column":19}},"31":{"start":{"line":128,"column":4},"end":{"line":133,"column":5}},"32":{"start":{"line":129,"column":6},"end":{"line":129,"column":73}},"33":{"start":{"line":130,"column":6},"end":{"line":130,"column":50}},"34":{"start":{"line":132,"column":6},"end":{"line":132,"column":31}},"35":{"start":{"line":136,"column":2},"end":{"line":136,"column":21}},"36":{"start":{"line":137,"column":2},"end":{"line":137,"column":16}},"37":{"start":{"line":138,"column":2},"end":{"line":138,"column":46}},"38":{"start":{"line":153,"column":0},"end":{"line":157,"column":1}},"39":{"start":{"line":154,"column":2},"end":{"line":154,"column":21}},"40":{"start":{"line":155,"column":2},"end":{"line":155,"column":23}},"41":{"start":{"line":155,"column":16},"end":{"line":155,"column":21}},"42":{"start":{"line":156,"column":2},"end":{"line":156,"column":19}},"43":{"start":{"line":171,"column":0},"end":{"line":187,"column":1}},"44":{"start":{"line":172,"column":2},"end":{"line":172,"column":37}},"45":{"start":{"line":174,"column":2},"end":{"line":182,"column":3}},"46":{"start":{"line":175,"column":4},"end":{"line":175,"column":41}},"47":{"start":{"line":175,"column":18},"end":{"line":175,"column":41}},"48":{"start":{"line":176,"column":4},"end":{"line":176,"column":25}},"49":{"start":{"line":176,"column":18},"end":{"line":176,"column":25}},"50":{"start":{"line":177,"column":4},"end":{"line":177,"column":14}},"51":{"start":{"line":178,"column":4},"end":{"line":181,"column":7}},"52":{"start":{"line":179,"column":6},"end":{"line":179,"column":16}},"53":{"start":{"line":180,"column":6},"end":{"line":180,"column":16}},"54":{"start":{"line":184,"column":2},"end":{"line":186,"column":3}},"55":{"start":{"line":185,"column":4},"end":{"line":185,"column":14}}},"branchMap":{"1":{"line":49,"type":"cond-expr","locations":[{"start":{"line":50,"column":8},"end":{"line":50,"column":17}},{"start":{"line":51,"column":8},"end":{"line":51,"column":19}}]},"2":{"line":53,"type":"binary-expr","locations":[{"start":{"line":53,"column":7},"end":{"line":53,"column":9}},{"start":{"line":53,"column":13},"end":{"line":53,"column":27}}]},"3":{"line":88,"type":"cond-expr","locations":[{"start":{"line":89,"column":6},"end":{"line":89,"column":12}},{"start":{"line":90,"column":6},"end":{"line":90,"column":13}}]},"4":{"line":122,"type":"cond-expr","locations":[{"start":{"line":123,"column":6},"end":{"line":123,"column":12}},{"start":{"line":124,"column":6},"end":{"line":124,"column":13}}]},"5":{"line":128,"type":"if","locations":[{"start":{"line":128,"column":4},"end":{"line":128,"column":4}},{"start":{"line":128,"column":4},"end":{"line":128,"column":4}}]},"6":{"line":175,"type":"if","locations":[{"start":{"line":175,"column":4},"end":{"line":175,"column":4}},{"start":{"line":175,"column":4},"end":{"line":175,"column":4}}]},"7":{"line":176,"type":"if","locations":[{"start":{"line":176,"column":4},"end":{"line":176,"column":4}},{"start":{"line":176,"column":4},"end":{"line":176,"column":4}}]}},"code":["/*!"," * Matcha - Benchmark Constructor"," * Copyright(c) 2011-2012 Jake Luer <jake@alogicalparadox.com>"," * MIT Licensed"," */","","/*!"," * External Dependancies"," */","","var EventEmitter = require('events').EventEmitter","  , util = require('util');","","/*!"," * Internal Dependancies"," */","","var Timer = require('./timer');","","/*!"," * Primary Exports"," */","","module.exports = Bench;","","function Bench (title, fn) {","  EventEmitter.call(this);","  this.title = title;","  this.fn = fn;","}","","/*!"," * Inherits from `EventEmitter`"," */","","util.inherits(Bench, EventEmitter);","","/**"," * .run (cb)"," *"," * Run a bench."," *"," * @param {Function} callback"," */","","Bench.prototype.run = function (cb) {","  var self = this","    , opts = this.parent.options","    , runner = opts.type === 'static'","      ? runStatic","      : runAdaptive","","  cb = cb || function () {};","","  function report (total, elapsed) {","    var stats = {","        iterations: total","      , elapsed: elapsed","      , title: self.title","      , ops: Math.round(total / elapsed * 1000)","    };","    self.stats = stats;","    self.emit('end', stats);","    cb(stats);","  }","","  runner.call(this, report);","};","","/*!"," * runStatic (timer, cb)"," *"," * Run this bench as  static (set iterations)."," *"," * @param {Function} callback"," * @api private"," */","","function runStatic (cb) {","  var self = this","    , parent = this.parent","    , iterations = parent.options.iterations","    , concurrency = parent.options.concurrency","    , pending = iterations","    , timer = new Timer()","    , total = 0;","","  var runner = this.fn.length === 0","    ? doSync","    : doAsync;","","  function next (total) {","    cb(total, timer.stop().elapsed);","  }","","  this.emit('start');","  timer.start();","  runner(this.fn, pending, concurrency, next);","}","","/*!"," * runStatic (timer, cb)"," *"," * Run this bench as adaptive: minimum"," * iterations then scale up to meet minimum"," * time frame."," *"," * @param {Function} callback"," * @api private"," */","","function runAdaptive (cb) {","  var self = this","    , parent = this.parent","    , duration = parent.options.mintime","    , iterations = parent.options.iterations","    , concurrency = parent.options.concurrency","    , pending = iterations","    , timer = new Timer()","    , total = 0;","","  var runner = this.fn.length === 0","    ? doSync","    : doAsync","","  function next (count) {","    total += count;","    if (timer.stop().elapsed < duration) {","      var pending = Math.round(count * (duration / (timer.elapsed + 1)));","      runner(self.fn, pending, concurrency, next);","    } else {","      cb(total, timer.elapsed);","    }","  }","","  this.emit('start');","  timer.start();","  runner(this.fn, pending, concurrency, next);","}","","/*!"," * doSync (fn, iterations, next)"," *"," * Run a syncronous bench function"," * a set number of iterations."," *"," * @param {Function} bench function"," * @param {Number} iterations"," * @param {Function} callback when done"," * @api private"," */","","function doSync (fn, iterations, concurrency, next) {","  var i = iterations;","  while (i--) { fn(); }","  next(iterations);","}","","/*!"," * doAsync (fn, iterations, next)"," *"," * Run an asyncronous bench function"," * a set number of iterations."," *"," * @param {Function} bench function"," * @param {Number} iterations"," * @param {Function} callback when done"," * @api private"," */","","function doAsync (fn, iterations, concurrency, next) {","  var running = pending = iterations;","","  function iterate () {","    if (!pending) return next(iterations)","    if (!running) return;","    --running;","    fn(function () {","      --pending;","      iterate();","    });","  }","","  for (var i = 0; i < concurrency; ++i) {","    iterate();","  }","}",""],"l":{"11":1,"18":1,"24":1,"26":1,"27":0,"28":0,"29":0,"36":1,"46":1,"47":0,"53":0,"55":1,"56":0,"62":0,"63":0,"64":0,"67":0,"79":1,"80":0,"88":0,"92":1,"93":0,"96":0,"97":0,"98":0,"112":1,"113":0,"122":0,"126":1,"127":0,"128":0,"129":0,"130":0,"132":0,"136":0,"137":0,"138":0,"153":1,"154":0,"155":0,"156":0,"171":1,"172":0,"174":1,"175":0,"176":0,"177":0,"178":0,"179":0,"180":0,"184":0,"185":0}},"/home/travis/build/npmtest/node-npmtest-matcha/node_modules/matcha/lib/matcha/timer/index.js":{"path":"/home/travis/build/npmtest/node-npmtest-matcha/node_modules/matcha/lib/matcha/timer/index.js","s":{"1":1},"b":{"1":[1,0],"2":[1,1]},"f":{},"fnMap":{},"statementMap":{"1":{"start":{"line":1,"column":0},"end":{"line":3,"column":22}}},"branchMap":{"1":{"line":1,"type":"cond-expr","locations":[{"start":{"line":2,"column":4},"end":{"line":2,"column":24}},{"start":{"line":3,"column":4},"end":{"line":3,"column":21}}]},"2":{"line":1,"type":"binary-expr","locations":[{"start":{"line":1,"column":17},"end":{"line":1,"column":24}},{"start":{"line":1,"column":28},"end":{"line":1,"column":64}}]}},"code":["module.exports = process && 'function' === typeof process.hrtime","  ? require('./hrtimer')","  : require('./date');",""],"l":{"1":1}},"/home/travis/build/npmtest/node-npmtest-matcha/node_modules/matcha/lib/matcha/timer/hrtimer.js":{"path":"/home/travis/build/npmtest/node-npmtest-matcha/node_modules/matcha/lib/matcha/timer/hrtimer.js","s":{"1":1,"2":1,"3":0,"4":0,"5":1,"6":0,"7":0,"8":0,"9":0,"10":1,"11":0,"12":0,"13":1,"14":0,"15":0},"b":{"1":[0,0]},"f":{"1":0,"2":0,"3":0,"4":0},"fnMap":{"1":{"name":"Timer","line":22,"loc":{"start":{"line":22,"column":0},"end":{"line":22,"column":18}}},"2":{"name":"(anonymous_2)","line":37,"loc":{"start":{"line":37,"column":9},"end":{"line":37,"column":21}}},"3":{"name":"(anonymous_3)","line":52,"loc":{"start":{"line":52,"column":24},"end":{"line":52,"column":36}}},"4":{"name":"(anonymous_4)","line":66,"loc":{"start":{"line":66,"column":23},"end":{"line":66,"column":35}}}},"statementMap":{"1":{"start":{"line":11,"column":0},"end":{"line":11,"column":23}},"2":{"start":{"line":22,"column":0},"end":{"line":25,"column":1}},"3":{"start":{"line":23,"column":2},"end":{"line":23,"column":21}},"4":{"start":{"line":24,"column":2},"end":{"line":24,"column":23}},"5":{"start":{"line":36,"column":0},"end":{"line":42,"column":3}},"6":{"start":{"line":38,"column":6},"end":{"line":38,"column":38}},"7":{"start":{"line":38,"column":26},"end":{"line":38,"column":38}},"8":{"start":{"line":39,"column":6},"end":{"line":39,"column":29}},"9":{"start":{"line":40,"column":6},"end":{"line":40,"column":48}},"10":{"start":{"line":52,"column":0},"end":{"line":55,"column":2}},"11":{"start":{"line":53,"column":2},"end":{"line":53,"column":33}},"12":{"start":{"line":54,"column":2},"end":{"line":54,"column":14}},"13":{"start":{"line":66,"column":0},"end":{"line":69,"column":2}},"14":{"start":{"line":67,"column":2},"end":{"line":67,"column":46}},"15":{"start":{"line":68,"column":2},"end":{"line":68,"column":14}}},"branchMap":{"1":{"line":38,"type":"if","locations":[{"start":{"line":38,"column":6},"end":{"line":38,"column":6}},{"start":{"line":38,"column":6},"end":{"line":38,"column":6}}]}},"code":["/*!"," * Matcha - High-res timer for Node.js"," * Copyright(c) 2012 Jake Luer <jake@alogicalparadox.com>"," * MIT Licensed"," */","","/*!"," * Primary Export"," */","","module.exports = Timer;","","/**"," * Timer (constructor)"," *"," * Constructs a timer that will return a high accuracy"," * elapsed calculation."," *"," * @api public"," */","","function Timer () {","  this._start = null;","  this._elapsed = null;","}","","/**"," * .elapsed"," *"," * Calculate the milliseconds elapsed time"," * for the given elapsed hrdiff."," *"," * @returns Number ms elapsed since start"," */","","Object.defineProperty(Timer.prototype, 'elapsed',","  { get: function () {","      if (!this._elapsed) return null;","      var el = this._elapsed;","      return el[0] * 1000 + el[1] / 1000 / 1000;","    }","});","","/**"," * .start ()"," *"," * Mark the starting point for this timer."," *"," * @api public"," */","","Timer.prototype.start = function () {","  this._start = process.hrtime();","  return this;","};","","/**"," * .stop ()"," *"," * Mark the stopping point for this timer."," * using hrtimes built in differ capability."," *"," * @api public"," */","","Timer.prototype.stop = function () {","  this._elapsed = process.hrtime(this._start);","  return this;","};",""],"l":{"11":1,"22":1,"23":0,"24":0,"36":1,"38":0,"39":0,"40":0,"52":1,"53":0,"54":0,"66":1,"67":0,"68":0}},"/home/travis/build/npmtest/node-npmtest-matcha/node_modules/matcha/lib/matcha/suite.js":{"path":"/home/travis/build/npmtest/node-npmtest-matcha/node_modules/matcha/lib/matcha/suite.js","s":{"1":1,"2":1,"3":1,"4":0,"5":0,"6":0,"7":0,"8":0,"9":0,"10":1,"11":0,"12":0,"13":0,"14":1,"15":1,"16":0,"17":0,"18":1,"19":0,"20":0,"21":1,"22":0,"23":1,"24":0,"25":1,"26":0},"b":{"1":[0,0]},"f":{"1":0,"2":0,"3":0,"4":0,"5":0,"6":0,"7":0},"fnMap":{"1":{"name":"Suite","line":20,"loc":{"start":{"line":20,"column":0},"end":{"line":20,"column":23}}},"2":{"name":"(anonymous_2)","line":47,"loc":{"start":{"line":47,"column":15},"end":{"line":47,"column":40}}},"3":{"name":"(anonymous_3)","line":70,"loc":{"start":{"line":70,"column":27},"end":{"line":70,"column":44}}},"4":{"name":"(anonymous_4)","line":87,"loc":{"start":{"line":87,"column":27},"end":{"line":87,"column":44}}},"5":{"name":"(anonymous_5)","line":105,"loc":{"start":{"line":105,"column":28},"end":{"line":105,"column":50}}},"6":{"name":"(anonymous_6)","line":120,"loc":{"start":{"line":120,"column":28},"end":{"line":120,"column":42}}},"7":{"name":"(anonymous_7)","line":135,"loc":{"start":{"line":135,"column":27},"end":{"line":135,"column":41}}}},"statementMap":{"1":{"start":{"line":11,"column":0},"end":{"line":12,"column":27}},"2":{"start":{"line":18,"column":0},"end":{"line":18,"column":23}},"3":{"start":{"line":20,"column":0},"end":{"line":33,"column":1}},"4":{"start":{"line":21,"column":2},"end":{"line":21,"column":27}},"5":{"start":{"line":22,"column":2},"end":{"line":22,"column":20}},"6":{"start":{"line":23,"column":2},"end":{"line":23,"column":19}},"7":{"start":{"line":24,"column":2},"end":{"line":24,"column":19}},"8":{"start":{"line":25,"column":2},"end":{"line":25,"column":18}},"9":{"start":{"line":26,"column":2},"end":{"line":32,"column":4}},"10":{"start":{"line":47,"column":0},"end":{"line":51,"column":1}},"11":{"start":{"line":48,"column":2},"end":{"line":48,"column":31}},"12":{"start":{"line":49,"column":2},"end":{"line":49,"column":25}},"13":{"start":{"line":50,"column":2},"end":{"line":50,"column":15}},"14":{"start":{"line":57,"column":0},"end":{"line":57,"column":35}},"15":{"start":{"line":70,"column":0},"end":{"line":73,"column":2}},"16":{"start":{"line":71,"column":2},"end":{"line":71,"column":22}},"17":{"start":{"line":72,"column":2},"end":{"line":72,"column":26}},"18":{"start":{"line":87,"column":0},"end":{"line":90,"column":2}},"19":{"start":{"line":88,"column":2},"end":{"line":88,"column":22}},"20":{"start":{"line":89,"column":2},"end":{"line":89,"column":27}},"21":{"start":{"line":105,"column":0},"end":{"line":107,"column":2}},"22":{"start":{"line":106,"column":2},"end":{"line":106,"column":28}},"23":{"start":{"line":120,"column":0},"end":{"line":122,"column":2}},"24":{"start":{"line":121,"column":2},"end":{"line":121,"column":23}},"25":{"start":{"line":135,"column":0},"end":{"line":137,"column":2}},"26":{"start":{"line":136,"column":2},"end":{"line":136,"column":22}}},"branchMap":{"1":{"line":21,"type":"binary-expr","locations":[{"start":{"line":21,"column":15},"end":{"line":21,"column":20}},{"start":{"line":21,"column":24},"end":{"line":21,"column":26}}]}},"code":["/*!"," * Matcha - Suite Constructor"," * Copyright(c) 2011-2012 Jake Luer <jake@alogicalparadox.com>"," * MIT Licensed"," */","","/*!"," * External Dependancies"," */","","var EventEmitter = require('events').EventEmitter","  , util = require('util');","","/*!"," * Primary Exports"," */","","module.exports = Suite;","","function Suite (title) {","  this.title = title || '';","  this.benches = [];","  this.suites = [];","  this.before = [];","  this.after = [];","  this.options = {","      type: 'adaptive'","    , iterations: 100","    , concurrency: 1","    , mintime: 500","    , delay: 100","  };","}","","/**"," * Suite.create (parent, title)"," *"," * Export helper to automatically create a new"," * suite and add it to a given parent. Used"," * by interfaces."," *"," * @param {Suite} parent"," * @param {String} title"," * @api public"," */","","Suite.create = function (parent, title) {","  var suite = new Suite(title);","  parent.addSuite(suite);","  return suite;","}","","/*!"," * Inherits from `EventEmitter`"," */","","util.inherits(Suite, EventEmitter);","","/**"," * .addSuite (suite)"," *"," * Add another instance of a suite as a child"," * of the current suite."," *"," * @param {Suite} constructed suite"," * @name addSuite"," * @api public"," */","","Suite.prototype.addSuite = function (suite) {","  suite.parent = this;","  this.suites.push(suite);","};","","/**"," * .addBench (bench)"," *"," * Add a constructed bench as a child of the"," * current suite. Will use this suite's options"," * during it's run."," *"," * @param {Bench} constructed benchmark"," * @name addBench"," * @api public"," */","","Suite.prototype.addBench = function (bench) {","  bench.parent = this;","  this.benches.push(bench);","};","","/**"," * .setOption (key, value)"," *"," * Set an option of this suite to a given value."," * All immediate children benches will use these"," * options."," *"," * @param {String} key"," * @param {Mixed} value"," * @name setOption"," * @api public"," */","","Suite.prototype.setOption = function (key, value) {","  this.options[key] = value;","};","","/**"," * .addBefore (fn)"," *"," * Add a function to be invoked before this suite"," * is ran. Can be async."," *"," * @param {Function} function"," * @name addBefore"," * @api public"," */","","Suite.prototype.addBefore = function (fn) {","  this.before.push(fn);","};","","/**"," * .addAfter (fn)"," *"," * Add a function to be invoked after this suite"," * is ran. Can be async."," *"," * @param {Function} function"," * @name addAfter"," * @api public"," */","","Suite.prototype.addAfter = function (fn) {","  this.after.push(fn);","};",""],"l":{"11":1,"18":1,"20":1,"21":0,"22":0,"23":0,"24":0,"25":0,"26":0,"47":1,"48":0,"49":0,"50":0,"57":1,"70":1,"71":0,"72":0,"87":1,"88":0,"89":0,"105":1,"106":0,"120":1,"121":0,"135":1,"136":0}},"/home/travis/build/npmtest/node-npmtest-matcha/node_modules/matcha/lib/matcha/runner.js":{"path":"/home/travis/build/npmtest/node-npmtest-matcha/node_modules/matcha/lib/matcha/runner.js","s":{"1":1,"2":1,"3":1,"4":0,"5":0,"6":0,"7":1,"8":1,"9":0,"10":1,"11":1,"12":0,"13":0,"14":1,"15":0,"16":0,"17":0,"18":1,"19":0,"20":0,"21":0,"22":0,"23":0,"24":0,"25":0,"26":0,"27":1,"28":0,"29":0,"30":0,"31":0,"32":0,"33":0,"34":0,"35":0,"36":0,"37":1,"38":0,"39":0,"40":0,"41":0,"42":0,"43":0,"44":0,"45":0,"46":0,"47":0,"48":0,"49":0,"50":0,"51":1,"52":0,"53":1,"54":0,"55":1,"56":0,"57":0,"58":0,"59":0,"60":0,"61":0,"62":0},"b":{"1":[0,0],"2":[0,0]},"f":{"1":0,"2":0,"3":0,"4":0,"5":0,"6":0,"7":0,"8":0,"9":0,"10":0,"11":0,"12":0,"13":0,"14":0,"15":0,"16":0,"17":0,"18":0},"fnMap":{"1":{"name":"proxy","line":32,"loc":{"start":{"line":32,"column":0},"end":{"line":32,"column":30}}},"2":{"name":"(anonymous_2)","line":33,"loc":{"start":{"line":33,"column":14},"end":{"line":33,"column":26}}},"3":{"name":"Runner","line":46,"loc":{"start":{"line":46,"column":0},"end":{"line":46,"column":24}}},"4":{"name":"(anonymous_4)","line":73,"loc":{"start":{"line":73,"column":23},"end":{"line":73,"column":37}}},"5":{"name":"iterator","line":79,"loc":{"start":{"line":79,"column":2},"end":{"line":79,"column":31}}},"6":{"name":"(anonymous_6)","line":83,"loc":{"start":{"line":83,"column":25},"end":{"line":83,"column":36}}},"7":{"name":"done","line":87,"loc":{"start":{"line":87,"column":2},"end":{"line":87,"column":22}}},"8":{"name":"(anonymous_8)","line":117,"loc":{"start":{"line":117,"column":30},"end":{"line":117,"column":44}}},"9":{"name":"(anonymous_9)","line":123,"loc":{"start":{"line":123,"column":31},"end":{"line":123,"column":54}}},"10":{"name":"(anonymous_10)","line":125,"loc":{"start":{"line":125,"column":14},"end":{"line":125,"column":29}}},"11":{"name":"(anonymous_11)","line":130,"loc":{"start":{"line":130,"column":5},"end":{"line":130,"column":17}}},"12":{"name":"(anonymous_12)","line":148,"loc":{"start":{"line":148,"column":29},"end":{"line":148,"column":45}}},"13":{"name":"(anonymous_13)","line":153,"loc":{"start":{"line":153,"column":30},"end":{"line":153,"column":53}}},"14":{"name":"(anonymous_14)","line":161,"loc":{"start":{"line":161,"column":15},"end":{"line":161,"column":27}}},"15":{"name":"(anonymous_15)","line":181,"loc":{"start":{"line":181,"column":29},"end":{"line":181,"column":45}}},"16":{"name":"(anonymous_16)","line":197,"loc":{"start":{"line":197,"column":28},"end":{"line":197,"column":44}}},"17":{"name":"runHooks","line":213,"loc":{"start":{"line":213,"column":0},"end":{"line":213,"column":32}}},"18":{"name":"(anonymous_18)","line":214,"loc":{"start":{"line":214,"column":16},"end":{"line":214,"column":36}}}},"statementMap":{"1":{"start":{"line":11,"column":0},"end":{"line":13,"column":31}},"2":{"start":{"line":19,"column":0},"end":{"line":19,"column":39}},"3":{"start":{"line":32,"column":0},"end":{"line":38,"column":1}},"4":{"start":{"line":33,"column":2},"end":{"line":37,"column":5}},"5":{"start":{"line":34,"column":4},"end":{"line":35,"column":36}},"6":{"start":{"line":36,"column":4},"end":{"line":36,"column":29}},"7":{"start":{"line":44,"column":0},"end":{"line":44,"column":24}},"8":{"start":{"line":46,"column":0},"end":{"line":48,"column":1}},"9":{"start":{"line":47,"column":2},"end":{"line":47,"column":21}},"10":{"start":{"line":54,"column":0},"end":{"line":54,"column":36}},"11":{"start":{"line":73,"column":0},"end":{"line":103,"column":2}},"12":{"start":{"line":74,"column":2},"end":{"line":74,"column":18}},"13":{"start":{"line":76,"column":2},"end":{"line":76,"column":53}},"14":{"start":{"line":79,"column":2},"end":{"line":81,"column":3}},"15":{"start":{"line":80,"column":4},"end":{"line":80,"column":13}},"16":{"start":{"line":83,"column":2},"end":{"line":85,"column":5}},"17":{"start":{"line":84,"column":4},"end":{"line":84,"column":20}},"18":{"start":{"line":87,"column":2},"end":{"line":92,"column":3}},"19":{"start":{"line":88,"column":4},"end":{"line":88,"column":23}},"20":{"start":{"line":88,"column":13},"end":{"line":88,"column":23}},"21":{"start":{"line":89,"column":4},"end":{"line":89,"column":46}},"22":{"start":{"line":90,"column":4},"end":{"line":90,"column":28}},"23":{"start":{"line":91,"column":4},"end":{"line":91,"column":8}},"24":{"start":{"line":94,"column":2},"end":{"line":94,"column":35}},"25":{"start":{"line":95,"column":2},"end":{"line":95,"column":21}},"26":{"start":{"line":97,"column":2},"end":{"line":102,"column":21}},"27":{"start":{"line":117,"column":0},"end":{"line":134,"column":2}},"28":{"start":{"line":118,"column":2},"end":{"line":121,"column":34}},"29":{"start":{"line":123,"column":2},"end":{"line":133,"column":5}},"30":{"start":{"line":124,"column":4},"end":{"line":124,"column":36}},"31":{"start":{"line":125,"column":4},"end":{"line":129,"column":7}},"32":{"start":{"line":126,"column":6},"end":{"line":126,"column":22}},"33":{"start":{"line":127,"column":6},"end":{"line":127,"column":34}},"34":{"start":{"line":128,"column":6},"end":{"line":128,"column":13}},"35":{"start":{"line":131,"column":4},"end":{"line":131,"column":38}},"36":{"start":{"line":132,"column":4},"end":{"line":132,"column":9}},"37":{"start":{"line":148,"column":0},"end":{"line":167,"column":2}},"38":{"start":{"line":149,"column":2},"end":{"line":151,"column":34}},"39":{"start":{"line":153,"column":2},"end":{"line":166,"column":11}},"40":{"start":{"line":154,"column":4},"end":{"line":154,"column":35}},"41":{"start":{"line":155,"column":4},"end":{"line":155,"column":39}},"42":{"start":{"line":156,"column":4},"end":{"line":156,"column":37}},"43":{"start":{"line":157,"column":4},"end":{"line":157,"column":41}},"44":{"start":{"line":158,"column":4},"end":{"line":158,"column":39}},"45":{"start":{"line":159,"column":4},"end":{"line":159,"column":37}},"46":{"start":{"line":160,"column":4},"end":{"line":160,"column":36}},"47":{"start":{"line":161,"column":4},"end":{"line":165,"column":7}},"48":{"start":{"line":162,"column":6},"end":{"line":162,"column":26}},"49":{"start":{"line":163,"column":6},"end":{"line":163,"column":36}},"50":{"start":{"line":164,"column":6},"end":{"line":164,"column":13}},"51":{"start":{"line":181,"column":0},"end":{"line":183,"column":2}},"52":{"start":{"line":182,"column":2},"end":{"line":182,"column":47}},"53":{"start":{"line":197,"column":0},"end":{"line":199,"column":2}},"54":{"start":{"line":198,"column":2},"end":{"line":198,"column":46}},"55":{"start":{"line":213,"column":0},"end":{"line":226,"column":1}},"56":{"start":{"line":214,"column":2},"end":{"line":225,"column":11}},"57":{"start":{"line":215,"column":4},"end":{"line":224,"column":5}},"58":{"start":{"line":216,"column":6},"end":{"line":220,"column":7}},"59":{"start":{"line":217,"column":8},"end":{"line":217,"column":13}},"60":{"start":{"line":219,"column":8},"end":{"line":219,"column":25}},"61":{"start":{"line":221,"column":6},"end":{"line":221,"column":13}},"62":{"start":{"line":223,"column":6},"end":{"line":223,"column":15}}},"branchMap":{"1":{"line":88,"type":"if","locations":[{"start":{"line":88,"column":4},"end":{"line":88,"column"
[...]
13,"column":70}}},"branchMap":{"1":{"line":13,"type":"if","locations":[{"start":{"line":13,"column":2},"end":{"line":13,"column":2}},{"start":{"line":13,"column":2},"end":{"line":13,"column":2}}]}},"code":["var i = 0;","","suite('single', function() {","  set('iterations', 1);","  set('type', 'static');","","  bench('i', function() {","    i++;","  });","});","","process.on('exit', function() {","  if (1 !== i) throw new Error('single ran for ' + i + ' iterations');","});",""],"l":{"1":2,"3":2,"4":0,"5":0,"7":0,"8":0,"12":0,"13":0}},"/home/travis/build/npmtest/node-npmtest-matcha/node_modules/matcha/benchmark/type.js":{"path":"/home/travis/build/npmtest/node-npmtest-matcha/node_modules/matcha/benchmark/type.js","s":{"1":2,"2":0,"3":0,"4":0,"5":0,"6":0,"7":0},"b":{},"f":{"1":0,"2":0,"3":0},"fnMap":{"1":{"name":"(anonymous_1)","line":2,"loc":{"start":{"line":2,"column":20},"end":{"line":2,"column":32}}},"2":{"name":"(anonymous_2)","line":7,"loc":{"start":{"line":7,"column":25},"end":{"line":7,"column":37}}},"3":{"name":"(anonymous_3)","line":11,"loc":{"start":{"line":11,"column":42},"end":{"line":11,"column":54}}}},"statementMap":{"1":{"start":{"line":2,"column":0},"end":{"line":14,"column":3}},"2":{"start":{"line":3,"column":2},"end":{"line":3,"column":29}},"3":{"start":{"line":5,"column":2},"end":{"line":5,"column":15}},"4":{"start":{"line":7,"column":2},"end":{"line":9,"column":5}},"5":{"start":{"line":8,"column":4},"end":{"line":8,"column":37}},"6":{"start":{"line":11,"column":2},"end":{"line":13,"column":5}},"7":{"start":{"line":12,"column":4},"end":{"line":12,"column":76}}},"branchMap":{},"code":["","suite('array type', function () {","  set('iterations', 2000000);","","  var arr = [];","","  bench('Array.isArray', function () {","    var isArray = Array.isArray(arr);","  });","","  bench('Object.prototype.toString.call', function () {","    var isArray = ('[object Array]' == Object.prototype.toString.call(arr));","  });","});",""],"l":{"2":2,"3":0,"5":0,"7":0,"8":0,"11":0,"12":0}},"/home/travis/build/npmtest/node-npmtest-matcha/node_modules/matcha/lib/matcha/interface.js":{"path":"/home/travis/build/npmtest/node-npmtest-matcha/node_modules/matcha/lib/matcha/interface.js","s":{"1":1,"2":1,"3":1,"4":0,"5":0,"6":0,"7":0,"8":0,"9":1,"10":0,"11":1,"12":0,"13":1,"14":0,"15":0,"16":0,"17":0,"18":0,"19":0,"20":0},"b":{"1":[0,0],"2":[0,0],"3":[0,0],"4":[0,0],"5":[0,0]},"f":{"1":0,"2":0,"3":0,"4":0},"fnMap":{"1":{"name":"Interface","line":32,"loc":{"start":{"line":32,"column":0},"end":{"line":32,"column":33}}},"2":{"name":"(anonymous_2)","line":51,"loc":{"start":{"line":51,"column":28},"end":{"line":51,"column":49}}},"3":{"name":"(anonymous_3)","line":65,"loc":{"start":{"line":65,"column":30},"end":{"line":65,"column":47}}},"4":{"name":"mountApi","line":78,"loc":{"start":{"line":78,"column":0},"end":{"line":78,"column":21}}}},"statementMap":{"1":{"start":{"line":11,"column":0},"end":{"line":11,"column":41}},"2":{"start":{"line":17,"column":0},"end":{"line":17,"column":27}},"3":{"start":{"line":32,"column":0},"end":{"line":38,"column":1}},"4":{"start":{"line":33,"column":2},"end":{"line":33,"column":20}},"5":{"start":{"line":34,"column":2},"end":{"line":34,"column":21}},"6":{"start":{"line":35,"column":2},"end":{"line":35,"column":35}},"7":{"start":{"line":36,"column":2},"end":{"line":36,"column":46}},"8":{"start":{"line":37,"column":2},"end":{"line":37,"column":22}},"9":{"start":{"line":51,"column":0},"end":{"line":53,"column":2}},"10":{"start":{"line":52,"column":2},"end":{"line":52,"column":30}},"11":{"start":{"line":65,"column":0},"end":{"line":67,"column":2}},"12":{"start":{"line":66,"column":2},"end":{"line":66,"column":32}},"13":{"start":{"line":78,"column":0},"end":{"line":87,"column":1}},"14":{"start":{"line":79,"column":2},"end":{"line":79,"column":25}},"15":{"start":{"line":80,"column":2},"end":{"line":86,"column":3}},"16":{"start":{"line":81,"column":4},"end":{"line":81,"column":16}},"17":{"start":{"line":83,"column":4},"end":{"line":83,"column":31}},"18":{"start":{"line":84,"column":4},"end":{"line":84,"column":76}},"19":{"start":{"line":84,"column":13},"end":{"line":84,"column":76}},"20":{"start":{"line":85,"column":4},"end":{"line":85,"column":13}}},"branchMap":{"1":{"line":33,"type":"binary-expr","locations":[{"start":{"line":33,"column":9},"end":{"line":33,"column":13}},{"start":{"line":33,"column":17},"end":{"line":33,"column":19}}]},"2":{"line":35,"type":"binary-expr","locations":[{"start":{"line":35,"column":15},"end":{"line":35,"column":25}},{"start":{"line":35,"column":29},"end":{"line":35,"column":34}}]},"3":{"line":36,"type":"binary-expr","locations":[{"start":{"line":36,"column":20},"end":{"line":36,"column":35}},{"start":{"line":36,"column":39},"end":{"line":36,"column":45}}]},"4":{"line":80,"type":"if","locations":[{"start":{"line":80,"column":2},"end":{"line":80,"column":2}},{"start":{"line":80,"column":2},"end":{"line":80,"column":2}}]},"5":{"line":84,"type":"if","locations":[{"start":{"line":84,"column":4},"end":{"line":84,"column":4}},{"start":{"line":84,"column":4},"end":{"line":84,"column":4}}]}},"code":["/*!"," * Matcha - Interface Manager"," * Copyright(c) 2011-2012 Jake Luer <jake@alogicalparadox.com>"," * MIT Licensed"," */","","/*!"," * Internal Dependancies"," */","","var interfaces = require('./interfaces');","","/*!"," * Primary Exports"," */","","module.exports = Interface;","","/**"," * Interface (constructor)"," *"," * The Interface manager handles mounting"," * and unmounting of exposed interface functions"," * to the `global` or other mountpoint for a root"," * suite run."," *"," * @param {Suite} root suite"," * @param {Object} options"," * @api public"," */","","function Interface (suite, opts) {","  opts = opts || {};","  this.suite = suite;","  this.style = opts.style || 'bdd';","  this.mountpoint = opts.mountpoint || global;","  mountApi.call(this);","}","","/**"," * .mount (point, function)"," *"," * Mount a function to a given point on the"," * current interface mount object (such as global)."," *"," * @param {String} mount point"," * @param {Function} callback function"," * @api public"," */","","Interface.prototype.mount = function (point, fn) {","  this.mountpoint[point] = fn;","};","","/**"," * .unmount (point)"," *"," * Unmount a given point on the current interface"," * mount object (such as global)."," *"," * @param {String} mount point"," * @api public"," */","","Interface.prototype.unmount = function (point) {","  delete this.mountpoint[point];","};","","/*!"," * mountApi ()"," *"," * Load the selected interface style and initialize"," * it for use with this interface."," *"," * @api private"," */","","function mountApi () {","  var style = this.style;","  if ('function' === typeof style) {","    style(this);","  } else {","    var fn = interfaces[style];","    if (!fn) throw new Error('Unable to load interface \\'' + style + '\\'.');","    fn(this);","  }","}",""],"l":{"11":1,"17":1,"32":1,"33":0,"34":0,"35":0,"36":0,"37":0,"51":1,"52":0,"65":1,"66":0,"78":1,"79":0,"80":0,"81":0,"83":0,"84":0,"85":0}},"/home/travis/build/npmtest/node-npmtest-matcha/node_modules/matcha/lib/matcha/interfaces/index.js":{"path":"/home/travis/build/npmtest/node-npmtest-matcha/node_modules/matcha/lib/matcha/interfaces/index.js","s":{"1":1,"2":1},"b":{},"f":{},"fnMap":{},"statementMap":{"1":{"start":{"line":1,"column":0},"end":{"line":1,"column":31}},"2":{"start":{"line":2,"column":0},"end":{"line":2,"column":39}}},"branchMap":{},"code":["exports.bdd = require('./bdd');","exports.exports = require('./exports');",""],"l":{"1":1,"2":1}},"/home/travis/build/npmtest/node-npmtest-matcha/node_modules/matcha/lib/matcha/interfaces/bdd.js":{"path":"/home/travis/build/npmtest/node-npmtest-matcha/node_modules/matcha/lib/matcha/interfaces/bdd.js","s":{"1":1,"2":1,"3":0,"4":0,"5":1,"6":0,"7":0,"8":0,"9":0,"10":0,"11":0,"12":0,"13":0,"14":0,"15":0,"16":0,"17":0,"18":0,"19":0,"20":0,"21":0,"22":0},"b":{},"f":{"1":0,"2":0,"3":0,"4":0,"5":0,"6":0,"7":0,"8":0,"9":0},"fnMap":{"1":{"name":"(anonymous_1)","line":18,"loc":{"start":{"line":18,"column":17},"end":{"line":18,"column":38}}},"2":{"name":"(anonymous_2)","line":26,"loc":{"start":{"line":26,"column":26},"end":{"line":26,"column":38}}},"3":{"name":"suiteMount","line":41,"loc":{"start":{"line":41,"column":4},"end":{"line":41,"column":36}}},"4":{"name":"(anonymous_4)","line":63,"loc":{"start":{"line":63,"column":27},"end":{"line":63,"column":49}}},"5":{"name":"(anonymous_5)","line":78,"loc":{"start":{"line":78,"column":30},"end":{"line":78,"column":44}}},"6":{"name":"(anonymous_6)","line":93,"loc":{"start":{"line":93,"column":29},"end":{"line":93,"column":43}}},"7":{"name":"(anonymous_7)","line":107,"loc":{"start":{"line":107,"column":29},"end":{"line":107,"column":50}}},"8":{"name":"(anonymous_8)","line":120,"loc":{"start":{"line":120,"column":30},"end":{"line":120,"column":42}}},"9":{"name":"(anonymous_9)","line":131,"loc":{"start":{"line":131,"column":30},"end":{"line":131,"column":42}}}},"statementMap":{"1":{"start":{"line":11,"column":0},"end":{"line":12,"column":32}},"2":{"start":{"line":18,"column":0},"end":{"line":134,"column":2}},"3":{"start":{"line":19,"column":2},"end":{"line":20,"column":25}},"4":{"start":{"line":26,"column":2},"end":{"line":133,"column":5}},"5":{"start":{"line":41,"column":4},"end":{"line":48,"column":5}},"6":{"start":{"line":42,"column":6},"end":{"line":42,"column":49}},"7":{"start":{"line":43,"column":6},"end":{"line":43,"column":28}},"8":{"start":{"line":44,"column":6},"end":{"line":44,"column":33}},"9":{"start":{"line":45,"column":6},"end":{"line":45,"column":11}},"10":{"start":{"line":46,"column":6},"end":{"line":46,"column":26}},"11":{"start":{"line":47,"column":6},"end":{"line":47,"column":43}},"12":{"start":{"line":50,"column":4},"end":{"line":50,"column":41}},"13":{"start":{"line":63,"column":4},"end":{"line":65,"column":7}},"14":{"start":{"line":64,"column":6},"end":{"line":64,"column":38}},"15":{"start":{"line":78,"column":4},"end":{"line":80,"column":7}},"16":{"start":{"line":79,"column":6},"end":{"line":79,"column":30}},"17":{"start":{"line":93,"column":4},"end":{"line":95,"column":7}},"18":{"start":{"line":94,"column":6},"end":{"line":94,"column":29}},"19":{"start":{"line":107,"column":4},"end":{"line":109,"column":7}},"20":{"start":{"line":108,"column":6},"end":{"line":108,"column":47}},"21":{"start":{"line":120,"column":4},"end":{"line":120,"column":46}},"22":{"start":{"line":131,"column":4},"end":{"line":131,"column":46}}},"branchMap":{},"code":["/*!"," * Matcha - BDD Interface"," * Copyright(c) 2012 Jake Luer <jake@alogicalparadox.com>"," * MIT Licensed"," */","","/*!"," * Internal Dependancies"," */","","var Suite = require('../suite')","  , Bench = require('../bench');","","/*!"," * Primary Export"," */","","module.exports = function (interface) {","  var suite = interface.suite","    , suites = [ suite ];","","  /*!","   * Listen for pre-requires to a specific file.","   */","","  suite.on('pre-require', function () {","","    /**","     * ### suite (fn)","     *","     * Define a new suite. Note that suites","     * can not be nested. A suite can contain","     * have it's options `set` as well as","     * infinitely defined benches.","     *","     * @param {Function} suite definition","     * @api public","     * @name suite","     */","","    function suiteMount (title, fn) {","      var suite = Suite.create(suites[0], title);","      suites.unshift(suite);","      interface.unmount('suite');","      fn();","      suites.shift(suite);","      interface.mount('suite', suiteMount);","    }","","    interface.mount('suite', suiteMount);","","    /**","     * ### set (key, value)","     *","     * Set an option for the current suite.","     *","     * @param {String} key","     * @param {Mixed} value","     * @api public","     * @name set","     */","","    interface.mount('set', function (key, value) {","      suites[0].setOption(key, value);","    });","","    /**","     * ### before (fn)","     *","     * A function that should be run before","     * the current suite.","     *","     * @param {Function} before function","     * @api public","     * @name before","     */","","    interface.mount('before', function (fn) {","      suites[0].addBefore(fn);","    });","","    /**","     * ### after (fn)","     *","     * A function that should be run after","     * the current suite.","     *","     * @param {Function} after function","     * @api public","     * @name after","     */","","    interface.mount('after', function (fn) {","      suites[0].addAfter(fn);","    });","","    /**","     * ### bench (fn)","     *","     * Define a new bench function.","     *","     * @param {Function} bench definition","     * @api public","     * @name bench","     */","","    interface.mount('bench', function (title, fn) {","      suites[0].addBench(new Bench(title, fn));","    });","","    /**","     * ### xsuite (fn)","     *","     * Helper to temporarily disable a suite.","     *","     * @api public","     * @name xsuite","     */","","    interface.mount('xsuite', function () {});","","    /**","     * ### xbench (fn)","     *","     * Helper to temporarily disable a bench.","     *","     * @api public","     * @name xbench","     */","","    interface.mount('xbench', function () {});","","  });","};",""],"l":{"11":1,"18":1,"19":0,"26":0,"41":1,"42":0,"43":0,"44":0,"45":0,"46":0,"47":0,"50":0,"63":0,"64":0,"78":0,"79":0,"93":0,"94":0,"107":0,"108":0,"120":0,"131":0}},"/home/travis/build/npmtest/node-npmtest-matcha/node_modules/matcha/lib/matcha/interfaces/exports.js":{"path":"/home/travis/build/npmtest/node-npmtest-matcha/node_modules/matcha/lib/matcha/interfaces/exports.js","s":{"1":1,"2":1,"3":0,"4":0,"5":1,"6":0,"7":0,"8":1,"9":0,"10":0,"11":0,"12":1,"13":0,"14":0,"15":0,"16":1,"17":0,"18":0,"19":0,"20":0,"21":0,"22":0,"23":0,"24":0,"25":0,"26":0,"27":0,"28":0},"b":{"1":[0,0],"2":[0,0],"3":[0,0],"4":[0,0],"5":[0,0],"6":[0,0]},"f":{"1":0,"2":0,"3":0,"4":0,"5":0,"6":0},"fnMap":{"1":{"name":"(anonymous_1)","line":18,"loc":{"start":{"line":18,"column":17},"end":{"line":18,"column":38}}},"2":{"name":"(anonymous_2)","line":26,"loc":{"start":{"line":26,"column":22},"end":{"line":26,"column":38}}},"3":{"name":"setOptions","line":37,"loc":{"start":{"line":37,"column":4},"end":{"line":37,"column":38}}},"4":{"name":"setBefore","line":52,"loc":{"start":{"line":52,"column":4},"end":{"line":52,"column":39}}},"5":{"name":"setAfter","line":66,"loc":{"start":{"line":66,"column":4},"end":{"line":66,"column":37}}},"6":{"name":"setBench","line":80,"loc":{"start":{"line":80,"column":4},"end":{"line":80,"column":39}}}},"statementMap":{"1":{"start":{"line":11,"column":0},"end":{"line":12,"column":32}},"2":{"start":{"line":18,"column":0},"end":{"line":100,"column":2}},"3":{"start":{"line":19,"column":2},"end":{"line":20,"column":25}},"4":{"start":{"line":26,"column":2},"end":{"line":99,"column":5}},"5":{"start":{"line":37,"column":4},"end":{"line":41,"column":5}},"6":{"start":{"line":38,"column":6},"end":{"line":40,"column":7}},"7":{"start":{"line":39,"column":8},"end":{"line":39,"column":40}},"8":{"start":{"line":52,"column":4},"end":{"line":55,"column":5}},"9":{"start":{"line":53,"column":6},"end":{"line":53,"column":54}},"10":{"start":{"line":53,"column":34},"end":{"line":53,"column":54}},"11":{"start":{"line":54,"column":6},"end":{"line":54,"column":50}},"12":{"start":{"line":66,"column":4},"end":{"line":69,"column":5}},"13":{"start":{"line":67,"column":6},"end":{"line":67,"column":51}},"14":{"start":{"line":67,"column":33},"end":{"line":67,"column":51}},"15":{"start":{"line":68,"column":6},"end":{"line":68,"column":48}},"16":{"start":{"line":80,"column":4},"end":{"line":84,"column":5}},"17":{"start":{"line":81,"column":6},"end":{"line":83,"column":7}},"18":{"start":{"line":82,"column":8},"end":{"line":82,"column":57}},"19":{"start":{"line":90,"column":4},"end":{"line":97,"column":5}},"20":{"start":{"line":91,"column":6},"end":{"line":92,"column":29}},"21":{"start":{"line":93,"column":6},"end":{"line":93,"column":54}},"22":{"start":{"line":93,"column":23},"end":{"line":93,"column":54}},"23":{"start":{"line":94,"column":6},"end":{"line":94,"column":51}},"24":{"start":{"line":94,"column":22},"end":{"line":94,"column":51}},"25":{"start":{"line":95,"column":6},"end":{"line":95,"column":48}},"26":{"start":{"line":95,"column":21},"end":{"line":95,"column":48}},"27":{"start":{"line":96,"column":6},"end":{"line":96,"column":48}},"28":{"start":{"line":96,"column":21},"end":{"line":96,"column":48}}},"branchMap":{"1":{"line":53,"type":"if","locations":[{"start":{"line":53,"column":6},"end":{"line":53,"column":6}},{"start":{"line":53,"column":6},"end":{"line":53,"column":6}}]},"2":{"line":67,"type":"if","locations":[{"start":{"line":67,"column":6},"end":{"line":67,"column":6}},{"start":{"line":67,"column":6},"end":{"line":67,"column":6}}]},"3":{"line":93,"type":"if","locations":[{"start":{"line":93,"column":6},"end":{"line":93,"column":6}},{"start":{"line":93,"column":6},"end":{"line":93,"column":6}}]},"4":{"line":94,"type":"if","locations":[{"start":{"line":94,"column":6},"end":{"line":94,"column":6}},{"start":{"line":94,"column":6},"end":{"line":94,"column":6}}]},"5":{"line":95,"type":"if","locations":[{"start":{"line":95,"column":6},"end":{"line":95,"column":6}},{"start":{"line":95,"column":6},"end":{"line":95,"column":6}}]},"6":{"line":96,"type":"if","locations":[{"start":{"line":96,"column":6},"end":{"line":96,"column":6}},{"start":{"line":96,"column":6},"end":{"line":96,"column":6}}]}},"code":["/*!"," * Matcha - Exports Interface"," * Copyright(c) 2012 Jake Luer <jake@alogicalparadox.com>"," * MIT Licensed"," */","","/*!"," * Internal Dependancies"," */","","var Suite = require('../suite')","  , Bench = require('../bench');","","/*!"," * Primary Export"," */","","module.exports = function (interface) {","  var suite = interface.suite","    , suites = [ suite ];","","  /*!","   * Listen for require with given spec","   */","","  suite.on('require', function (spec) {","","    /*!","     * setOptions","     *","     * Set options based on the `options`","     * object for a given suite.","     *","     * @api private","     */","","    function setOptions (suite, opts) {","      for (var key in opts) {","        suite.setOption(key, opts[key]);","      }","    }","","    /*!","     * setBefore","     *","     * Set before functions based on function","     * or array of functions for a given suite.","     *","     * @api private","     */","","    function setBefore (suite, before) {","      if (!Array.isArray(before)) before = [ before ];","      before.forEach(suite.addBefore.bind(suite));","    }","","    /*!","     * setAfter","     *","     * Set functions based on function","     * or array of functions for a given suite.","     *","     * @api private","     */","","    function setAfter (suite, after) {","      if (!Array.isArray(after)) after = [ after ];","      after.forEach(suite.addAfter.bind(suite));","    }","","    /*!","     * setBench","     *","     * Set benches based on benches object","     * of attributed functions for a given suite.","     *","     * @api private","     */","","    function setBench (suite, benches) {","      for (var title in benches) {","        suite.addBench(new Bench(title, benches[title]));","      }","    }","","    /*!","     * Parse the incoming file","     */","","    for (var _suite in spec) {","      var suite = Suite.create(suites[0], _suite)","        , def = spec[_suite];","      if (def.options) setOptions(suite, def.options);","      if (def.before) setBefore(suite, def.before);","      if (def.after) setAfter(suite, def.after);","      if (def.bench) setBench(suite, def.bench);","    }","","  });","};",""],"l":{"11":1,"18":1,"19":0,"26":0,"37":1,"38":0,"39":0,"52":1,"53":0,"54":0,"66":1,"67":0,"68":0,"80":1,"81":0,"82":0,"90":0,"91":0,"93":0,"94":0,"95":0,"96":0}}}